TN:
SF:src/index.ts
FNF:0
FNH:0
DA:1,0
DA:3,0
DA:4,0
DA:5,0
DA:6,0
DA:7,0
DA:9,0
LF:7
LH:0
BRF:0
BRH:0
end_of_record
TN:
SF:src/configs/all.ts
FNF:0
FNH:0
DA:5,0
LF:1
LH:0
BRF:0
BRH:0
end_of_record
TN:
SF:src/configs/base.ts
FNF:0
FNH:0
DA:5,0
LF:1
LH:0
BRF:0
BRH:0
end_of_record
TN:
SF:src/configs/eslint-recommended.ts
FNF:0
FNH:0
DA:6,0
LF:1
LH:0
BRF:0
BRH:0
end_of_record
TN:
SF:src/configs/recommended-requiring-type-checking.ts
FNF:0
FNH:0
DA:5,0
LF:1
LH:0
BRF:0
BRH:0
end_of_record
TN:
SF:src/configs/recommended.ts
FNF:0
FNH:0
DA:5,0
LF:1
LH:0
BRF:0
BRH:0
end_of_record
TN:
SF:src/rules/adjacent-overload-signatures.ts
FN:32,(anonymous_6)
FN:47,getMemberMethod
FN:109,isSameMethod
FN:119,getMembers
FN:136,checkBodyForOverloadMethods
FN:143,(anonymous_11)
FN:150,(anonymous_12)
FNF:7
FNH:0
FNDA:0,(anonymous_6)
FNDA:0,getMemberMethod
FNDA:0,isSameMethod
FNDA:0,getMembers
FNDA:0,checkBodyForOverloadMethods
FNDA:0,(anonymous_11)
FNDA:0,(anonymous_12)
DA:1,0
DA:5,0
DA:18,0
DA:33,0
DA:48,0
DA:49,0
DA:52,0
DA:54,0
DA:59,0
DA:60,0
DA:63,0
DA:67,0
DA:68,0
DA:69,0
DA:71,0
DA:79,0
DA:85,0
DA:92,0
DA:99,0
DA:106,0
DA:110,0
DA:120,0
DA:125,0
DA:128,0
DA:137,0
DA:139,0
DA:140,0
DA:141,0
DA:143,0
DA:144,0
DA:145,0
DA:146,0
DA:147,0
DA:150,0
DA:151,0
DA:153,0
DA:154,0
DA:161,0
DA:162,0
DA:165,0
DA:170,0
LF:41
LH:0
BRDA:48,0,0,0
BRDA:48,0,1,0
BRDA:52,1,0,0
BRDA:52,1,1,0
BRDA:54,2,0,0
BRDA:54,2,1,0
BRDA:54,2,2,0
BRDA:54,2,3,0
BRDA:54,2,4,0
BRDA:54,2,5,0
BRDA:54,2,6,0
BRDA:54,2,7,0
BRDA:59,3,0,0
BRDA:59,3,1,0
BRDA:67,4,0,0
BRDA:67,4,1,0
BRDA:67,5,0,0
BRDA:67,5,1,0
BRDA:67,6,0,0
BRDA:67,6,1,0
BRDA:67,7,0,0
BRDA:67,7,1,0
BRDA:68,8,0,0
BRDA:68,8,1,0
BRDA:111,9,0,0
BRDA:111,9,1,0
BRDA:111,9,2,0
BRDA:111,9,3,0
BRDA:111,9,4,0
BRDA:120,10,0,0
BRDA:120,10,1,0
BRDA:120,10,2,0
BRDA:120,10,3,0
BRDA:120,10,4,0
BRDA:139,11,0,0
BRDA:139,11,1,0
BRDA:145,12,0,0
BRDA:145,12,1,0
BRDA:153,13,0,0
BRDA:153,13,1,0
BRDA:153,14,0,0
BRDA:153,14,1,0
BRDA:158,15,0,0
BRDA:158,15,1,0
BRDA:161,16,0,0
BRDA:161,16,1,0
BRF:46
BRH:0
end_of_record
TN:
SF:src/rules/array-type.ts
FN:11,isSimpleType
FN:57,typeNeedsParentheses
FN:124,(anonymous_8)
FN:133,getMessageType
FN:141,(anonymous_10)
FN:170,(anonymous_11)
FN:188,(anonymous_12)
FN:225,(anonymous_13)
FN:261,(anonymous_14)
FNF:9
FNH:0
FNDA:0,isSimpleType
FNDA:0,typeNeedsParentheses
FNDA:0,(anonymous_8)
FNDA:0,getMessageType
FNDA:0,(anonymous_10)
FNDA:0,(anonymous_11)
FNDA:0,(anonymous_12)
FNDA:0,(anonymous_13)
FNDA:0,(anonymous_14)
DA:1,0
DA:5,0
DA:12,0
DA:28,0
DA:30,0
DA:35,0
DA:36,0
DA:38,0
DA:39,0
DA:42,0
DA:43,0
DA:45,0
DA:47,0
DA:49,0
DA:58,0
DA:60,0
DA:66,0
DA:68,0
DA:70,0
DA:87,0
DA:89,0
DA:125,0
DA:127,0
DA:128,0
DA:134,0
DA:135,0
DA:137,0
DA:140,0
DA:143,0
DA:147,0
DA:149,0
DA:153,0
DA:157,0
DA:160,0
DA:162,0
DA:171,0
DA:172,0
DA:174,0
DA:189,0
DA:196,0
DA:199,0
DA:200,0
DA:204,0
DA:205,0
DA:208,0
DA:209,0
DA:211,0
DA:215,0
DA:217,0
DA:226,0
DA:230,0
DA:233,0
DA:237,0
DA:240,0
DA:242,0
DA:244,0
DA:248,0
DA:251,0
DA:253,0
DA:262,0
LF:60
LH:0
BRDA:12,0,0,0
BRDA:12,0,1,0
BRDA:12,0,2,0
BRDA:12,0,3,0
BRDA:12,0,4,0
BRDA:12,0,5,0
BRDA:12,0,6,0
BRDA:12,0,7,0
BRDA:12,0,8,0
BRDA:12,0,9,0
BRDA:12,0,10,0
BRDA:12,0,11,0
BRDA:12,0,12,0
BRDA:12,0,13,0
BRDA:12,0,14,0
BRDA:12,0,15,0
BRDA:12,0,16,0
BRDA:30,1,0,0
BRDA:30,1,1,0
BRDA:31,2,0,0
BRDA:31,2,1,0
BRDA:31,2,2,0
BRDA:35,3,0,0
BRDA:35,3,1,0
BRDA:38,4,0,0
BRDA:38,4,1,0
BRDA:42,5,0,0
BRDA:42,5,1,0
BRDA:58,6,0,0
BRDA:58,6,1,0
BRDA:58,6,2,0
BRDA:58,6,3,0
BRDA:58,6,4,0
BRDA:58,6,5,0
BRDA:58,6,6,0
BRDA:58,6,7,0
BRDA:128,7,0,0
BRDA:128,7,1,0
BRDA:128,8,0,0
BRDA:128,8,1,0
BRDA:134,9,0,0
BRDA:134,9,1,0
BRDA:134,10,0,0
BRDA:134,10,1,0
BRDA:143,11,0,0
BRDA:143,11,1,0
BRDA:143,11,2,0
BRDA:147,12,0,0
BRDA:147,12,1,0
BRDA:149,13,0,0
BRDA:149,13,1,0
BRDA:150,14,0,0
BRDA:150,14,1,0
BRDA:150,14,2,0
BRDA:157,15,0,0
BRDA:157,15,1,0
BRDA:160,16,0,0
BRDA:160,16,1,0
BRDA:166,17,0,0
BRDA:166,17,1,0
BRDA:167,18,0,0
BRDA:167,18,1,0
BRDA:172,19,0,0
BRDA:172,19,1,0
BRDA:189,20,0,0
BRDA:189,20,1,0
BRDA:190,21,0,0
BRDA:190,21,1,0
BRDA:192,22,0,0
BRDA:192,22,1,0
BRDA:200,23,0,0
BRDA:200,23,1,0
BRDA:204,24,0,0
BRDA:204,24,1,0
BRDA:208,25,0,0
BRDA:208,25,1,0
BRDA:209,26,0,0
BRDA:209,26,1,0
BRDA:209,27,0,0
BRDA:209,27,1,0
BRDA:211,28,0,0
BRDA:211,28,1,0
BRDA:215,29,0,0
BRDA:215,29,1,0
BRDA:215,30,0,0
BRDA:215,30,1,0
BRDA:221,31,0,0
BRDA:221,31,1,0
BRDA:233,32,0,0
BRDA:233,32,1,0
BRDA:234,33,0,0
BRDA:234,33,1,0
BRDA:234,33,2,0
BRDA:242,34,0,0
BRDA:242,34,1,0
BRDA:244,35,0,0
BRDA:244,35,1,0
BRDA:244,35,2,0
BRDA:245,36,0,0
BRDA:245,36,1,0
BRDA:245,37,0,0
BRDA:245,37,1,0
BRDA:248,38,0,0
BRDA:248,38,1,0
BRDA:249,39,0,0
BRDA:249,39,1,0
BRDA:251,40,0,0
BRDA:251,40,1,0
BRDA:251,41,0,0
BRDA:251,41,1,0
BRDA:257,42,0,0
BRDA:257,42,1,0
BRF:112
BRH:0
end_of_record
TN:
SF:src/rules/await-thenable.ts
FN:21,(anonymous_6)
FN:26,(anonymous_7)
FNF:2
FNH:0
FNDA:0,(anonymous_6)
FNDA:0,(anonymous_7)
DA:1,0
DA:3,0
DA:5,0
DA:22,0
DA:23,0
DA:25,0
DA:27,0
DA:28,0
DA:30,0
DA:35,0
LF:10
LH:0
BRDA:30,0,0,0
BRDA:30,0,1,0
BRDA:31,1,0,0
BRDA:31,1,1,0
BRDA:31,1,2,0
BRF:5
BRH:0
end_of_record
TN:
SF:src/rules/ban-ts-comment.ts
FN:99,(anonymous_6)
FN:111,(anonymous_7)
FN:114,(anonymous_8)
FNF:3
FNH:0
FNDA:0,(anonymous_6)
FNDA:0,(anonymous_7)
FNDA:0,(anonymous_8)
DA:1,0
DA:2,0
DA:12,0
DA:18,0
DA:105,0
DA:107,0
DA:108,0
DA:110,0
DA:112,0
DA:114,0
DA:115,0
DA:117,0
DA:118,0
DA:120,0
DA:122,0
DA:124,0
DA:125,0
DA:126,0
DA:133,0
DA:136,0
DA:137,0
DA:138,0
LF:22
LH:0
BRDA:117,0,0,0
BRDA:117,0,1,0
BRDA:120,1,0,0
BRDA:120,1,1,0
BRDA:120,2,0,0
BRDA:120,2,1,0
BRDA:125,3,0,0
BRDA:125,3,1,0
BRDA:133,4,0,0
BRDA:133,4,1,0
BRDA:135,5,0,0
BRDA:137,6,0,0
BRDA:137,6,1,0
BRF:13
BRH:0
end_of_record
TN:
SF:src/rules/ban-tslint-comment.ts
FN:9,(anonymous_6)
FN:32,(anonymous_7)
FN:35,(anonymous_8)
FN:37,(anonymous_9)
FN:43,(anonymous_10)
FNF:5
FNH:0
FNDA:0,(anonymous_6)
FNDA:0,(anonymous_7)
FNDA:0,(anonymous_8)
FNDA:0,(anonymous_9)
FNDA:0,(anonymous_10)
DA:1,0
DA:2,0
DA:7,0
DA:9,0
DA:13,0
DA:17,0
DA:33,0
DA:34,0
DA:36,0
DA:37,0
DA:38,0
DA:39,0
DA:44,0
DA:48,0
DA:52,0
LF:15
LH:0
BRDA:13,0,0,0
BRDA:13,0,1,0
BRDA:38,1,0,0
BRDA:38,1,1,0
BRDA:45,2,0,0
BRDA:45,2,1,0
BRF:6
BRH:0
end_of_record
TN:
SF:src/rules/ban-types.ts
FN:27,removeSpaces
FN:31,stringifyNode
FN:38,getCustomMessage
FN:158,(anonymous_9)
FN:167,(anonymous_10)
FN:170,checkBannedTypes
FN:192,(anonymous_12)
FN:199,(anonymous_13)
FN:201,(anonymous_14)
FN:213,(anonymous_15)
FN:220,(anonymous_16)
FN:225,(anonymous_17)
FNF:12
FNH:0
FNDA:0,removeSpaces
FNDA:0,stringifyNode
FNDA:0,getCustomMessage
FNDA:0,(anonymous_9)
FNDA:0,(anonymous_10)
FNDA:0,checkBannedTypes
FNDA:0,(anonymous_12)
FNDA:0,(anonymous_13)
FNDA:0,(anonymous_14)
FNDA:0,(anonymous_15)
FNDA:0,(anonymous_16)
FNDA:0,(anonymous_17)
DA:1,0
DA:6,0
DA:28,0
DA:35,0
DA:41,0
DA:42,0
DA:45,0
DA:46,0
DA:49,0
DA:50,0
DA:53,0
DA:56,0
DA:101,0
DA:115,0
DA:159,0
DA:160,0
DA:161,0
DA:166,0
DA:167,0
DA:174,0
DA:176,0
DA:177,0
DA:180,0
DA:182,0
DA:184,0
DA:192,0
DA:197,0
DA:200,0
DA:201,0
DA:202,0
DA:205,0
DA:210,0
DA:214,0
DA:215,0
DA:218,0
DA:221,0
DA:222,0
DA:226,0
DA:228,0
DA:229,0
LF:40
LH:0
BRDA:41,0,0,0
BRDA:41,0,1,0
BRDA:45,1,0,0
BRDA:45,1,1,0
BRDA:49,2,0,0
BRDA:49,2,1,0
BRDA:159,3,0,0
BRDA:159,3,1,0
BRDA:159,4,0,0
BRDA:159,4,1,0
BRDA:160,5,0,0
BRDA:160,5,1,0
BRDA:160,6,0,0
BRDA:160,6,1,0
BRDA:163,7,0,0
BRDA:163,7,1,0
BRDA:172,8,0,0
BRDA:176,9,0,0
BRDA:176,9,1,0
BRDA:176,10,0,0
BRDA:176,10,1,0
BRDA:182,11,0,0
BRDA:182,11,1,0
BRDA:182,11,2,0
BRDA:191,12,0,0
BRDA:191,12,1,0
BRDA:200,13,0,0
BRDA:200,13,1,0
BRDA:214,14,0,0
BRDA:214,14,1,0
BRDA:221,15,0,0
BRDA:221,15,1,0
BRDA:228,16,0,0
BRDA:228,16,1,0
BRF:34
BRH:0
end_of_record
TN:
SF:src/rules/brace-style.ts
FN:30,(anonymous_0)
FN:41,validateCurlyPair
FN:66,(anonymous_2)
FN:92,(anonymous_3)
FN:103,(anonymous_4)
FN:114,(anonymous_5)
FN:121,(anonymous_6)
FN:129,(anonymous_7)
FNF:8
FNH:0
FNDA:0,(anonymous_0)
FNDA:0,validateCurlyPair
FNDA:0,(anonymous_2)
FNDA:0,(anonymous_3)
FNDA:0,(anonymous_4)
FNDA:0,(anonymous_5)
FNDA:0,(anonymous_6)
FNDA:0,(anonymous_7)
DA:2,0
DA:3,0
DA:10,0
DA:15,0
DA:32,0
DA:34,0
DA:35,0
DA:36,0
DA:45,0
DA:49,0
DA:53,0
DA:55,0
DA:57,0
DA:59,0
DA:63,0
DA:67,0
DA:71,0
DA:76,0
DA:77,0
DA:80,0
DA:85,0
DA:89,0
DA:92,0
DA:96,0
DA:100,0
DA:103,0
DA:107,0
DA:111,0
DA:114,0
DA:119,0
DA:124,0
DA:125,0
DA:127,0
DA:130,0
DA:131,0
DA:135,0
LF:36
LH:0
BRDA:31,0,0,0
BRDA:45,1,0,0
BRDA:45,1,1,0
BRDA:46,2,0,0
BRDA:46,2,1,0
BRDA:59,3,0,0
BRDA:59,3,1,0
BRDA:60,4,0,0
BRDA:60,4,1,0
BRDA:76,5,0,0
BRDA:76,5,1,0
BRDA:85,6,0,0
BRDA:85,6,1,0
BRDA:86,7,0,0
BRDA:86,7,1,0
BRDA:96,8,0,0
BRDA:96,8,1,0
BRDA:97,9,0,0
BRDA:97,9,1,0
BRDA:107,10,0,0
BRDA:107,10,1,0
BRDA:108,11,0,0
BRDA:108,11,1,0
BRDA:132,12,0,0
BRDA:132,12,1,0
BRF:25
BRH:0
end_of_record
TN:
SF:src/rules/class-literal-property-style.ts
FN:15,(anonymous_6)
FN:23,(anonymous_7)
FN:57,(anonymous_8)
FN:60,(anonymous_9)
FN:84,(anonymous_10)
FN:100,(anonymous_11)
FN:114,(anonymous_12)
FNF:7
FNH:0
FNDA:0,(anonymous_6)
FNDA:0,(anonymous_7)
FNDA:0,(anonymous_8)
FNDA:0,(anonymous_9)
FNDA:0,(anonymous_10)
FNDA:0,(anonymous_11)
FNDA:0,(anonymous_12)
DA:1,0
DA:5,0
DA:15,0
DA:19,0
DA:23,0
DA:26,0
DA:27,0
DA:30,0
DA:34,0
DA:37,0
DA:40,0
DA:58,0
DA:61,0
DA:66,0
DA:69,0
DA:71,0
DA:72,0
DA:75,0
DA:77,0
DA:78,0
DA:81,0
DA:85,0
DA:86,0
DA:88,0
DA:90,0
DA:91,0
DA:92,0
DA:94,0
DA:101,0
DA:102,0
DA:105,0
DA:107,0
DA:108,0
DA:111,0
DA:115,0
DA:116,0
DA:118,0
DA:120,0
DA:121,0
DA:122,0
DA:124,0
LF:41
LH:0
BRDA:19,0,0,0
BRDA:19,0,1,0
BRDA:19,1,0,0
BRDA:19,1,1,0
BRDA:20,2,0,0
BRDA:20,2,1,0
BRDA:26,3,0,0
BRDA:26,3,1,0
BRDA:30,4,0,0
BRDA:30,4,1,0
BRDA:31,5,0,0
BRDA:31,5,1,0
BRDA:34,6,0,0
BRDA:34,6,1,0
BRDA:59,7,0,0
BRDA:59,7,1,0
BRDA:61,8,0,0
BRDA:61,8,1,0
BRDA:62,9,0,0
BRDA:62,9,1,0
BRDA:62,9,2,0
BRDA:71,10,0,0
BRDA:71,10,1,0
BRDA:77,11,0,0
BRDA:77,11,1,0
BRDA:77,12,0,0
BRDA:77,12,1,0
BRDA:91,13,0,0
BRDA:91,13,1,0
BRDA:99,14,0,0
BRDA:99,14,1,0
BRDA:101,15,0,0
BRDA:101,15,1,0
BRDA:101,16,0,0
BRDA:101,16,1,0
BRDA:107,17,0,0
BRDA:107,17,1,0
BRDA:107,18,0,0
BRDA:107,18,1,0
BRDA:121,19,0,0
BRDA:121,19,1,0
BRF:41
BRH:0
end_of_record
TN:
SF:src/rules/comma-dangle.ts
FN:27,normalizeOptions
FN:91,(anonymous_7)
FN:101,(anonymous_8)
FN:104,last
FN:108,getLastItem
FN:121,getTrailingToken
FN:127,isMultiline
FN:133,forbidComma
FN:140,(anonymous_14)
FN:147,forceComma
FN:154,(anonymous_16)
FN:161,allowCommaIfMultiline
FN:167,forceCommaIfMultiline
FNF:13
FNH:0
FNDA:0,normalizeOptions
FNDA:0,(anonymous_7)
FNDA:0,(anonymous_8)
FNDA:0,last
FNDA:0,getLastItem
FNDA:0,getTrailingToken
FNDA:0,isMultiline
FNDA:0,forbidComma
FNDA:0,(anonymous_14)
FNDA:0,forceComma
FNDA:0,(anonymous_16)
FNDA:0,allowCommaIfMultiline
FNDA:0,forceCommaIfMultiline
DA:1,0
DA:2,0
DA:3,0
DA:8,0
DA:18,0
DA:25,0
DA:28,0
DA:29,0
DA:35,0
DA:42,0
DA:92,0
DA:93,0
DA:94,0
DA:96,0
DA:105,0
DA:109,0
DA:111,0
DA:113,0
DA:115,0
DA:117,0
DA:122,0
DA:123,0
DA:124,0
DA:128,0
DA:129,0
DA:130,0
DA:134,0
DA:135,0
DA:136,0
DA:137,0
DA:141,0
DA:148,0
DA:149,0
DA:150,0
DA:151,0
DA:155,0
DA:162,0
DA:163,0
DA:168,0
DA:169,0
DA:171,0
DA:175,0
LF:42
LH:0
BRDA:28,0,0,0
BRDA:28,0,1,0
BRDA:36,1,0,0
BRDA:36,1,1,0
BRDA:36,2,0,0
BRDA:36,2,1,0
BRDA:37,3,0,0
BRDA:37,3,1,0
BRDA:37,4,0,0
BRDA:37,4,1,0
BRDA:38,5,0,0
BRDA:38,5,1,0
BRDA:38,6,0,0
BRDA:38,6,1,0
BRDA:105,7,0,0
BRDA:105,7,1,0
BRDA:105,8,0,0
BRDA:105,8,1,0
BRDA:109,9,0,0
BRDA:109,9,1,0
BRDA:109,9,2,0
BRDA:109,9,3,0
BRDA:123,10,0,0
BRDA:123,10,1,0
BRDA:130,11,0,0
BRDA:130,11,1,0
BRDA:130,12,0,0
BRDA:130,12,1,0
BRDA:130,13,0,0
BRDA:130,13,1,0
BRDA:130,14,0,0
BRDA:130,14,1,0
BRDA:136,15,0,0
BRDA:136,15,1,0
BRDA:136,16,0,0
BRDA:136,16,1,0
BRDA:136,16,2,0
BRDA:150,17,0,0
BRDA:150,17,1,0
BRDA:150,18,0,0
BRDA:150,18,1,0
BRDA:150,18,2,0
BRDA:162,19,0,0
BRDA:162,19,1,0
BRDA:168,20,0,0
BRDA:168,20,1,0
BRF:46
BRH:0
end_of_record
TN:
SF:src/rules/comma-spacing.ts
FN:57,(anonymous_0)
FN:66,addNullElementsToIgnoreList
FN:89,addTypeParametersTrailingCommaToIgnoreList
FN:108,validateCommaSpacing
FN:124,(anonymous_4)
FN:153,(anonymous_5)
FN:169,(anonymous_6)
FN:170,(anonymous_7)
FNF:8
FNH:0
FNDA:0,(anonymous_0)
FNDA:0,addNullElementsToIgnoreList
FNDA:0,addTypeParametersTrailingCommaToIgnoreList
FNDA:0,validateCommaSpacing
FNDA:0,(anonymous_4)
FNDA:0,(anonymous_5)
FNDA:0,(anonymous_6)
FNDA:0,(anonymous_7)
DA:1,0
DA:5,0
DA:20,0
DA:58,0
DA:59,0
DA:60,0
DA:69,0
DA:70,0
DA:72,0
DA:73,0
DA:74,0
DA:75,0
DA:78,0
DA:81,0
DA:92,0
DA:93,0
DA:94,0
DA:95,0
DA:96,0
DA:97,0
DA:113,0
DA:118,0
DA:125,0
DA:134,0
DA:135,0
DA:138,0
DA:139,0
DA:142,0
DA:147,0
DA:154,0
DA:164,0
DA:170,0
DA:171,0
DA:172,0
DA:175,0
DA:176,0
DA:178,0
LF:37
LH:0
BRDA:72,0,0,0
BRDA:72,0,1,0
BRDA:74,1,0,0
BRDA:74,1,1,0
BRDA:74,2,0,0
BRDA:74,2,1,0
BRDA:93,3,0,0
BRDA:93,3,1,0
BRDA:96,4,0,0
BRDA:96,4,1,0
BRDA:96,5,0,0
BRDA:96,5,1,0
BRDA:113,6,0,0
BRDA:113,6,1,0
BRDA:114,7,0,0
BRDA:114,7,1,0
BRDA:114,7,2,0
BRDA:123,8,0,0
BRDA:123,8,1,0
BRDA:125,9,0,0
BRDA:125,9,1,0
BRDA:134,10,0,0
BRDA:134,10,1,0
BRDA:134,11,0,0
BRDA:134,11,1,0
BRDA:138,12,0,0
BRDA:138,12,1,0
BRDA:138,13,0,0
BRDA:138,13,1,0
BRDA:138,13,2,0
BRDA:142,14,0,0
BRDA:142,14,1,0
BRDA:143,15,0,0
BRDA:143,15,1,0
BRDA:143,15,2,0
BRDA:152,16,0,0
BRDA:152,16,1,0
BRDA:154,17,0,0
BRDA:154,17,1,0
BRDA:171,18,0,0
BRDA:171,18,1,0
BRDA:180,19,0,0
BRDA:180,19,1,0
BRDA:180,20,0,0
BRDA:180,20,1,0
BRDA:183,21,0,0
BRDA:183,21,1,0
BRDA:183,22,0,0
BRDA:183,22,1,0
BRF:49
BRH:0
end_of_record
TN:
SF:src/rules/consistent-indexed-object-style.ts
FN:32,(anonymous_0)
FN:35,checkMembers
FN:74,(anonymous_2)
FN:88,(anonymous_3)
FN:105,(anonymous_4)
FN:114,(anonymous_5)
FN:117,(anonymous_6)
FN:122,(anonymous_7)
FNF:8
FNH:0
FNDA:0,(anonymous_0)
FNDA:0,checkMembers
FNDA:0,(anonymous_2)
FNDA:0,(anonymous_3)
FNDA:0,(anonymous_4)
FNDA:0,(anonymous_5)
FNDA:0,(anonymous_6)
FNDA:0,(anonymous_7)
DA:1,0
DA:6,0
DA:11,0
DA:33,0
DA:42,0
DA:43,0
DA:45,0
DA:47,0
DA:48,0
DA:51,0
DA:53,0
DA:54,0
DA:57,0
DA:58,0
DA:60,0
DA:61,0
DA:62,0
DA:65,0
DA:66,0
DA:67,0
DA:70,0
DA:75,0
DA:76,0
DA:77,0
DA:80,0
DA:86,0
DA:89,0
DA:90,0
DA:91,0
DA:93,0
DA:94,0
DA:97,0
DA:98,0
DA:99,0
DA:102,0
DA:106,0
DA:107,0
DA:108,0
DA:115,0
DA:118,0
DA:120,0
DA:121,0
DA:122,0
DA:126,0
LF:44
LH:0
BRDA:40,0,0,0
BRDA:42,1,0,0
BRDA:42,1,1,0
BRDA:47,2,0,0
BRDA:47,2,1,0
BRDA:53,3,0,0
BRDA:53,3,1,0
BRDA:57,4,0,0
BRDA:57,4,1,0
BRDA:61,5,0,0
BRDA:61,5,1,0
BRDA:66,6,0,0
BRDA:66,6,1,0
BRDA:73,7,0,0
BRDA:73,7,1,0
BRDA:77,8,0,0
BRDA:77,8,1,0
BRDA:87,9,0,0
BRDA:87,9,1,0
BRDA:90,10,0,0
BRDA:90,10,1,0
BRDA:93,11,0,0
BRDA:93,11,1,0
BRDA:97,12,0,0
BRDA:97,12,1,0
BRDA:97,13,0,0
BRDA:97,13,1,0
BRDA:98,14,0,0
BRDA:98,14,1,0
BRDA:98,15,0,0
BRDA:98,15,1,0
BRDA:98,16,0,0
BRDA:98,16,1,0
BRDA:113,17,0,0
BRDA:113,17,1,0
BRDA:120,18,0,0
BRDA:120,18,1,0
BRDA:120,19,0,0
BRDA:120,19,1,0
BRDA:120,20,0,0
BRDA:120,20,1,0
BRDA:120,21,0,0
BRDA:120,21,1,0
BRDA:120,22,0,0
BRDA:120,22,1,0
BRDA:121,23,0,0
BRDA:121,23,1,0
BRDA:121,24,0,0
BRDA:121,24,1,0
BRDA:131,25,0,0
BRDA:131,25,1,0
BRDA:131,26,0,0
BRDA:131,26,1,0
BRF:53
BRH:0
end_of_record
TN:
SF:src/rules/consistent-type-assertions.ts
FN:73,(anonymous_6)
FN:76,isConst
FN:87,reportIncorrectAssertionType
FN:107,checkType
FN:125,checkExpression
FN:160,(anonymous_11)
FN:168,(anonymous_12)
FNF:7
FNH:0
FNDA:0,(anonymous_6)
FNDA:0,isConst
FNDA:0,reportIncorrectAssertionType
FNDA:0,checkType
FNDA:0,checkExpression
FNDA:0,(anonymous_11)
FNDA:0,(anonymous_12)
DA:1,0
DA:2,0
DA:23,0
DA:74,0
DA:77,0
DA:78,0
DA:81,0
DA:91,0
DA:92,0
DA:95,0
DA:97,0
DA:108,0
DA:111,0
DA:113,0
DA:121,0
DA:128,0
DA:133,0
DA:136,0
DA:145,0
DA:148,0
DA:152,0
DA:159,0
DA:161,0
DA:162,0
DA:163,0
DA:166,0
DA:169,0
DA:170,0
DA:171,0
DA:174,0
LF:30
LH:0
BRDA:77,0,0,0
BRDA:77,0,1,0
BRDA:82,1,0,0
BRDA:82,1,1,0
BRDA:91,2,0,0
BRDA:91,2,1,0
BRDA:101,3,0,0
BRDA:101,3,1,0
BRDA:108,4,0,0
BRDA:108,4,1,0
BRDA:108,4,2,0
BRDA:108,4,3,0
BRDA:115,5,0,0
BRDA:115,5,1,0
BRDA:128,6,0,0
BRDA:128,6,1,0
BRDA:129,7,0,0
BRDA:129,7,1,0
BRDA:129,7,2,0
BRDA:136,8,0,0
BRDA:136,8,1,0
BRDA:137,9,0,0
BRDA:137,9,1,0
BRDA:137,9,2,0
BRDA:137,9,3,0
BRDA:137,9,4,0
BRDA:137,9,5,0
BRDA:137,9,6,0
BRDA:148,10,0,0
BRDA:148,10,1,0
BRDA:149,11,0,0
BRDA:149,11,1,0
BRDA:161,12,0,0
BRDA:161,12,1,0
BRDA:169,13,0,0
BRDA:169,13,1,0
BRF:36
BRH:0
end_of_record
TN:
SF:src/rules/consistent-type-definitions.ts
FN:31,(anonymous_6)
FN:38,isCurrentlyTraversedNodeWithinModuleDeclaration
FN:42,(anonymous_8)
FN:51,(anonymous_9)
FN:57,(anonymous_10)
FN:87,(anonymous_11)
FN:97,(anonymous_12)
FN:113,(anonymous_13)
FNF:8
FNH:0
FNDA:0,(anonymous_6)
FNDA:0,isCurrentlyTraversedNodeWithinModuleDeclaration
FNDA:0,(anonymous_8)
FNDA:0,(anonymous_9)
FNDA:0,(anonymous_10)
FNDA:0,(anonymous_11)
FNDA:0,(anonymous_12)
FNDA:0,(anonymous_13)
DA:1,0
DA:7,0
DA:9,0
DA:32,0
DA:39,0
DA:43,0
DA:49,0
DA:54,0
DA:58,0
DA:59,0
DA:61,0
DA:62,0
DA:63,0
DA:64,0
DA:72,0
DA:73,0
DA:78,0
DA:81,0
DA:88,0
DA:98,0
DA:99,0
DA:101,0
DA:102,0
DA:103,0
DA:104,0
DA:112,0
DA:113,0
DA:114,0
DA:115,0
DA:124,0
DA:128,0
DA:137,0
LF:32
LH:0
BRDA:43,0,0,0
BRDA:43,0,1,0
BRDA:43,0,2,0
BRDA:50,1,0,0
BRDA:50,1,1,0
BRDA:58,2,0,0
BRDA:58,2,1,0
BRDA:58,3,0,0
BRDA:58,3,1,0
BRDA:62,4,0,0
BRDA:62,4,1,0
BRDA:73,5,0,0
BRDA:73,5,1,0
BRDA:74,6,0,0
BRDA:74,6,1,0
BRDA:74,6,2,0
BRDA:86,7,0,0
BRDA:86,7,1,0
BRDA:95,8,0,0
BRDA:95,8,1,0
BRDA:98,9,0,0
BRDA:98,9,1,0
BRDA:98,10,0,0
BRDA:98,10,1,0
BRDA:102,11,0,0
BRDA:102,11,1,0
BRDA:112,12,0,0
BRDA:112,12,1,0
BRDA:124,13,0,0
BRDA:124,13,1,0
BRDA:125,14,0,0
BRDA:125,14,1,0
BRDA:125,15,0,0
BRDA:125,15,1,0
BRF:34
BRH:0
end_of_record
TN:
SF:src/rules/consistent-type-exports.ts
FN:53,(anonymous_6)
FN:59,(anonymous_7)
FN:112,(anonymous_8)
FN:125,(anonymous_9)
FN:132,(anonymous_10)
FN:142,(anonymous_11)
FN:153,(anonymous_12)
FN:173,isSpecifierTypeBased
FN:197,fixExportInsertType
FN:215,fixSeparateNamedExports
FN:264,getSourceFromExport
FN:281,getSpecifierText
FNF:12
FNH:0
FNDA:0,(anonymous_6)
FNDA:0,(anonymous_7)
FNDA:0,(anonymous_8)
FNDA:0,(anonymous_9)
FNDA:0,(anonymous_10)
FNDA:0,(anonymous_11)
FNDA:0,(anonymous_12)
FNDA:0,isSpecifierTypeBased
FNDA:0,fixExportInsertType
FNDA:0,fixSeparateNamedExports
FNDA:0,getSourceFromExport
FNDA:0,getSpecifierText
DA:1,0
DA:7,0
DA:8,0
DA:30,0
DA:54,0
DA:55,0
DA:56,0
DA:58,0
DA:61,0
DA:62,0
DA:71,0
DA:72,0
DA:74,0
DA:76,0
DA:78,0
DA:82,0
DA:83,0
DA:87,0
DA:88,0
DA:89,0
DA:91,0
DA:92,0
DA:93,0
DA:95,0
DA:100,0
DA:104,0
DA:113,0
DA:115,0
DA:116,0
DA:119,0
DA:120,0
DA:122,0
DA:126,0
DA:131,0
DA:132,0
DA:135,0
DA:136,0
DA:138,0
DA:143,0
DA:147,0
DA:149,0
DA:154,0
DA:177,0
DA:178,0
DA:179,0
DA:180,0
DA:182,0
DA:183,0
DA:186,0
DA:202,0
DA:207,0
DA:220,0
DA:221,0
DA:222,0
DA:223,0
DA:224,0
DA:226,0
DA:232,0
DA:237,0
DA:241,0
DA:247,0
DA:253,0
DA:267,0
DA:271,0
DA:274,0
DA:282,0
LF:66
LH:0
BRDA:61,0,0,0
BRDA:61,0,1,0
BRDA:61,1,0,0
BRDA:61,1,1,0
BRDA:62,2,0,0
BRDA:62,2,1,0
BRDA:71,3,0,0
BRDA:71,3,1,0
BRDA:72,4,0,0
BRDA:72,4,1,0
BRDA:76,5,0,0
BRDA:76,5,1,0
BRDA:87,6,0,0
BRDA:87,6,1,0
BRDA:91,7,0,0
BRDA:91,7,1,0
BRDA:93,8,0,0
BRDA:93,8,1,0
BRDA:100,9,0,0
BRDA:100,9,1,0
BRDA:101,10,0,0
BRDA:101,10,1,0
BRDA:101,10,2,0
BRDA:101,10,3,0
BRDA:115,11,0,0
BRDA:115,11,1,0
BRDA:120,12,0,0
BRDA:120,12,1,0
BRDA:135,13,0,0
BRDA:135,13,1,0
BRDA:182,14,0,0
BRDA:182,14,1,0
BRDA:182,15,0,0
BRDA:182,15,1,0
BRDA:223,16,0,0
BRDA:223,16,1,0
BRDA:233,17,0,0
BRDA:233,17,1,0
BRDA:255,18,0,0
BRDA:255,18,1,0
BRDA:256,19,0,0
BRDA:256,19,1,0
BRDA:267,20,0,0
BRDA:267,20,1,0
BRDA:268,21,0,0
BRDA:268,21,1,0
BRDA:268,22,0,0
BRDA:268,22,1,0
BRDA:268,23,0,0
BRDA:268,23,1,0
BRDA:283,24,0,0
BRDA:283,24,1,0
BRF:52
BRH:0
end_of_record
TN:
SF:src/rules/consistent-type-imports.ts
FN:33,isImportToken
FN:39,isTypeToken
FN:98,(anonymous_8)
FN:109,(anonymous_9)
FN:123,(anonymous_10)
FN:133,(anonymous_11)
FN:150,(anonymous_12)
FN:235,(anonymous_13)
FN:249,(anonymous_14)
FN:261,(anonymous_15)
FN:263,(anonymous_16)
FN:299,(anonymous_17)
FN:318,(anonymous_18)
FN:324,(anonymous_19)
FN:333,(anonymous_20)
FN:343,classifySpecifier
FN:354,(anonymous_22)
FN:359,(anonymous_23)
FN:372,getFixesNamedSpecifiers
FN:458,getNamedSpecifierRanges
FN:499,insertToNamedImport
FN:519,fixToTypeImport
FN:547,(anonymous_28)
FN:559,(anonymous_29)
FN:668,fixToTypeImportByInsertType
FN:727,fixToValueImportInDecoMeta
FN:754,(anonymous_32)
FN:765,(anonymous_33)
FN:803,fixToValueImport
FNF:29
FNH:0
FNDA:0,isImportToken
FNDA:0,isTypeToken
FNDA:0,(anonymous_8)
FNDA:0,(anonymous_9)
FNDA:0,(anonymous_10)
FNDA:0,(anonymous_11)
FNDA:0,(anonymous_12)
FNDA:0,(anonymous_13)
FNDA:0,(anonymous_14)
FNDA:0,(anonymous_15)
FNDA:0,(anonymous_16)
FNDA:0,(anonymous_17)
FNDA:0,(anonymous_18)
FNDA:0,(anonymous_19)
FNDA:0,(anonymous_20)
FNDA:0,classifySpecifier
FNDA:0,(anonymous_22)
FNDA:0,(anonymous_23)
FNDA:0,getFixesNamedSpecifiers
FNDA:0,getNamedSpecifierRanges
FNDA:0,insertToNamedImport
FNDA:0,fixToTypeImport
FNDA:0,(anonymous_28)
FNDA:0,(anonymous_29)
FNDA:0,fixToTypeImportByInsertType
FNDA:0,fixToValueImportInDecoMeta
FNDA:0,(anonymous_32)
FNDA:0,(anonymous_33)
FNDA:0,fixToValueImport
DA:1,0
DA:7,0
DA:36,0
DA:42,0
DA:53,0
DA:99,0
DA:100,0
DA:101,0
DA:103,0
DA:105,0
DA:110,0
DA:112,0
DA:119,0
DA:120,0
DA:124,0
DA:127,0
DA:130,0
DA:134,0
DA:137,0
DA:141,0
DA:142,0
DA:143,0
DA:144,0
DA:145,0
DA:146,0
DA:147,0
DA:149,0
DA:156,0
DA:162,0
DA:163,0
DA:166,0
DA:168,0
DA:169,0
DA:170,0
DA:171,0
DA:176,0
DA:180,0
DA:181,0
DA:183,0
DA:184,0
DA:185,0
DA:195,0
DA:198,0
DA:199,0
DA:201,0
DA:202,0
DA:203,0
DA:207,0
DA:212,0
DA:215,0
DA:216,0
DA:218,0
DA:223,0
DA:227,0
DA:236,0
DA:237,0
DA:238,0
DA:240,0
DA:241,0
DA:246,0
DA:250,0
DA:254,0
DA:257,0
DA:261,0
DA:263,0
DA:267,0
DA:269,0
DA:270,0
DA:271,0
DA:276,0
DA:282,0
DA:283,0
DA:288,0
DA:296,0
DA:300,0
DA:301,0
DA:307,0
DA:321,0
DA:325,0
DA:334,0
DA:349,0
DA:353,0
DA:355,0
DA:358,0
DA:360,0
DA:362,0
DA:381,0
DA:382,0
DA:387,0
DA:388,0
DA:389,0
DA:393,0
DA:400,0
DA:404,0
DA:415,0
DA:419,0
DA:426,0
DA:427,0
DA:428,0
DA:429,0
DA:430,0
DA:431,0
DA:432,0
DA:433,0
DA:436,0
DA:437,0
DA:439,0
DA:440,0
DA:444,0
DA:446,0
DA:449,0
DA:465,0
DA:466,0
DA:467,0
DA:468,0
DA:469,0
DA:470,0
DA:471,0
DA:472,0
DA:474,0
DA:477,0
DA:478,0
DA:479,0
DA:480,0
DA:481,0
DA:482,0
DA:483,0
DA:487,0
DA:504,0
DA:512,0
DA:513,0
DA:514,0
DA:516,0
DA:524,0
DA:527,0
DA:529,0
DA:532,0
DA:533,0
DA:534,0
DA:535,0
DA:542,0
DA:543,0
DA:546,0
DA:548,0
DA:554,0
DA:555,0
DA:559,0
DA:560,0
DA:563,0
DA:569,0
DA:570,0
DA:571,0
DA:572,0
DA:577,0
DA:578,0
DA:580,0
DA:583,0
DA:592,0
DA:593,0
DA:601,0
DA:608,0
DA:614,0
DA:621,0
DA:625,0
DA:626,0
DA:632,0
DA:634,0
DA:640,0
DA:643,0
DA:649,0
DA:655,0
DA:662,0
DA:663,0
DA:665,0
DA:675,0
DA:679,0
DA:681,0
DA:683,0
DA:688,0
DA:690,0
DA:694,0
DA:705,0
DA:709,0
DA:713,0
DA:716,0
DA:732,0
DA:735,0
DA:737,0
DA:740,0
DA:741,0
DA:742,0
DA:743,0
DA:749,0
DA:750,0
DA:753,0
DA:755,0
DA:760,0
DA:761,0
DA:765,0
DA:766,0
DA:769,0
DA:775,0
DA:776,0
DA:777,0
DA:778,0
DA:783,0
DA:784,0
DA:786,0
DA:789,0
DA:798,0
DA:800,0
DA:809,0
DA:813,0
DA:821,0
DA:825,0
LF:215
LH:0
BRDA:36,0,0,0
BRDA:36,0,1,0
BRDA:42,1,0,0
BRDA:42,1,1,0
BRDA:99,2,0,0
BRDA:99,2,1,0
BRDA:99,3,0,0
BRDA:99,3,1,0
BRDA:106,4,0,0
BRDA:106,4,1,0
BRDA:112,5,0,0
BRDA:112,5,1,0
BRDA:112,6,0,0
BRDA:112,6,1,0
BRDA:119,7,0,0
BRDA:119,7,1,0
BRDA:120,8,0,0
BRDA:120,8,1,0
BRDA:121,9,0,0
BRDA:121,9,1,0
BRDA:130,10,0,0
BRDA:130,10,1,0
BRDA:131,11,0,0
BRDA:131,11,1,0
BRDA:146,12,0,0
BRDA:146,12,1,0
BRDA:156,13,0,0
BRDA:156,13,1,0
BRDA:157,14,0,0
BRDA:157,14,1,0
BRDA:157,15,0,0
BRDA:157,15,1,0
BRDA:157,16,0,0
BRDA:157,16,1,0
BRDA:159,17,0,0
BRDA:159,17,1,0
BRDA:159,18,0,0
BRDA:159,18,1,0
BRDA:162,19,0,0
BRDA:162,19,1,0
BRDA:162,20,0,0
BRDA:162,20,1,0
BRDA:166,21,0,0
BRDA:166,21,1,0
BRDA:171,22,0,0
BRDA:171,22,1,0
BRDA:171,22,2,0
BRDA:171,22,3,0
BRDA:171,22,4,0
BRDA:180,23,0,0
BRDA:180,23,1,0
BRDA:198,24,0,0
BRDA:198,24,1,0
BRDA:215,25,0,0
BRDA:215,25,1,0
BRDA:223,26,0,0
BRDA:223,26,1,0
BRDA:224,27,0,0
BRDA:224,27,1,0
BRDA:224,27,2,0
BRDA:224,27,3,0
BRDA:237,28,0,0
BRDA:237,28,1,0
BRDA:241,29,0,0
BRDA:241,29,1,0
BRDA:242,30,0,0
BRDA:242,30,1,0
BRDA:258,31,0,0
BRDA:258,31,1,0
BRDA:269,32,0,0
BRDA:269,32,1,0
BRDA:270,33,0,0
BRDA:270,33,1,0
BRDA:282,34,0,0
BRDA:282,34,1,0
BRDA:300,35,0,0
BRDA:300,35,1,0
BRDA:330,36,0,0
BRDA:330,36,1,0
BRDA:349,37,0,0
BRDA:349,37,1,0
BRDA:353,38,0,0
BRDA:353,38,1,0
BRDA:353,39,0,0
BRDA:353,39,1,0
BRDA:381,40,0,0
BRDA:381,40,1,0
BRDA:389,41,0,0
BRDA:389,41,1,0
BRDA:429,42,0,0
BRDA:429,42,1,0
BRDA:431,43,0,0
BRDA:431,43,1,0
BRDA:436,44,0,0
BRDA:436,44,1,0
BRDA:471,45,0,0
BRDA:471,45,1,0
BRDA:481,46,0,0
BRDA:481,46,1,0
BRDA:481,47,0,0
BRDA:481,47,1,0
BRDA:482,48,0,0
BRDA:482,48,1,0
BRDA:513,49,0,0
BRDA:513,49,1,0
BRDA:513,50,0,0
BRDA:513,50,1,0
BRDA:529,51,0,0
BRDA:529,51,1,0
BRDA:529,52,0,0
BRDA:529,52,1,0
BRDA:534,53,0,0
BRDA:534,53,1,0
BRDA:535,54,0,0
BRDA:535,54,1,0
BRDA:536,55,0,0
BRDA:536,55,1,0
BRDA:536,55,2,0
BRDA:546,56,0,0
BRDA:546,56,1,0
BRDA:547,57,0,0
BRDA:547,57,1,0
BRDA:570,58,0,0
BRDA:570,58,1,0
BRDA:571,59,0,0
BRDA:571,59,1,0
BRDA:577,60,0,0
BRDA:577,60,1,0
BRDA:593,61,0,0
BRDA:593,61,1,0
BRDA:594,62,0,0
BRDA:594,62,1,0
BRDA:621,63,0,0
BRDA:621,63,1,0
BRDA:622,64,0,0
BRDA:622,64,1,0
BRDA:625,65,0,0
BRDA:625,65,1,0
BRDA:681,66,0,0
BRDA:681,66,1,0
BRDA:688,67,0,0
BRDA:688,67,1,0
BRDA:713,68,0,0
BRDA:713,68,1,0
BRDA:737,69,0,0
BRDA:737,69,1,0
BRDA:742,70,0,0
BRDA:742,70,1,0
BRDA:743,71,0,0
BRDA:743,71,1,0
BRDA:744,72,0,0
BRDA:744,72,1,0
BRDA:753,73,0,0
BRDA:753,73,1,0
BRDA:776,74,0,0
BRDA:776,74,1,0
BRDA:777,75,0,0
BRDA:777,75,1,0
BRDA:783,76,0,0
BRDA:783,76,1,0
BRDA:816,77,0,0
BRDA:816,77,1,0
BRDA:816,78,0,0
BRDA:816,78,1,0
BRDA:816,79,0,0
BRDA:816,79,1,0
BRDA:816,80,0,0
BRDA:816,80,1,0
BRF:168
BRH:0
end_of_record
TN:
SF:src/rules/default-param-last.ts
FN:22,(anonymous_0)
FN:28,isOptionalParam
FN:37,isPlainParam
FN:45,checkDefaultParamLast
FNF:4
FNH:0
FNDA:0,(anonymous_0)
FNDA:0,isOptionalParam
FNDA:0,isPlainParam
FNDA:0,checkDefaultParamLast
DA:1,0
DA:2,0
DA:7,0
DA:29,0
DA:38,0
DA:51,0
DA:52,0
DA:53,0
DA:55,0
DA:59,0
DA:60,0
DA:61,0
DA:64,0
DA:69,0
DA:74,0
LF:15
LH:0
BRDA:29,0,0,0
BRDA:29,0,1,0
BRDA:39,1,0,0
BRDA:39,1,1,0
BRDA:39,1,2,0
BRDA:55,2,0,0
BRDA:55,2,1,0
BRDA:59,3,0,0
BRDA:59,3,1,0
BRDA:64,4,0,0
BRDA:64,4,1,0
BRDA:65,5,0,0
BRDA:65,5,1,0
BRDA:65,5,2,0
BRF:14
BRH:0
end_of_record
TN:
SF:src/rules/dot-notation.ts
FN:68,(anonymous_6)
FN:87,(anonymous_7)
FNF:2
FNH:0
FNDA:0,(anonymous_6)
FNDA:0,(anonymous_7)
DA:2,0
DA:3,0
DA:4,0
DA:5,0
DA:12,0
DA:17,0
DA:69,0
DA:71,0
DA:72,0
DA:75,0
DA:77,0
DA:79,0
DA:86,0
DA:88,0
DA:95,0
DA:99,0
DA:100,0
DA:106,0
DA:108,0
DA:112,0
DA:115,0
DA:118,0
DA:119,0
DA:123,0
LF:24
LH:0
BRDA:79,0,0,0
BRDA:79,0,1,0
BRDA:79,1,0,0
BRDA:79,1,1,0
BRDA:79,2,0,0
BRDA:79,2,1,0
BRDA:88,3,0,0
BRDA:88,3,1,0
BRDA:89,4,0,0
BRDA:89,4,1,0
BRDA:89,4,2,0
BRDA:89,4,3,0
BRDA:99,5,0,0
BRDA:99,5,1,0
BRDA:99,6,0,0
BRDA:99,6,1,0
BRDA:99,7,0,0
BRDA:99,7,1,0
BRDA:99,8,0,0
BRDA:99,8,1,0
BRDA:99,9,0,0
BRDA:99,9,1,0
BRDA:99,10,0,0
BRDA:99,10,1,0
BRDA:99,11,0,0
BRDA:99,11,1,0
BRDA:99,12,0,0
BRDA:99,12,1,0
BRDA:100,13,0,0
BRDA:100,13,1,0
BRDA:101,14,0,0
BRDA:101,14,1,0
BRDA:101,14,2,0
BRDA:101,14,3,0
BRDA:108,15,0,0
BRDA:108,15,1,0
BRDA:109,16,0,0
BRDA:109,16,1,0
BRDA:118,17,0,0
BRDA:118,17,1,0
BRF:40
BRH:0
end_of_record
TN:
SF:src/rules/explicit-function-return-type.ts
FN:67,(anonymous_6)
FN:71,(anonymous_7)
FN:84,(anonymous_8)
FN:92,(anonymous_9)
FN:93,(anonymous_10)
FNF:5
FNH:0
FNDA:0,(anonymous_6)
FNDA:0,(anonymous_7)
FNDA:0,(anonymous_8)
FNDA:0,(anonymous_9)
FNDA:0,(anonymous_10)
DA:1,0
DA:5,0
DA:6,0
DA:22,0
DA:68,0
DA:70,0
DA:74,0
DA:81,0
DA:84,0
DA:85,0
DA:93,0
DA:94,0
LF:12
LH:0
BRDA:74,0,0,0
BRDA:74,0,1,0
BRDA:75,1,0,0
BRDA:75,1,1,0
BRDA:75,1,2,0
BRDA:75,1,3,0
BRDA:75,1,4,0
BRF:7
BRH:0
end_of_record
TN:
SF:src/rules/explicit-member-accessibility.ts
FN:78,(anonymous_6)
FN:91,reportIssue
FN:113,checkMethodAccessibilityModifier
FN:169,getUnwantedPublicAccessibilityFixer
FN:177,(anonymous_10)
FN:212,checkPropertyAccessibilityModifier
FN:255,checkParameterPropertyAccessibilityModifier
FNF:7
FNH:0
FNDA:0,(anonymous_6)
FNDA:0,reportIssue
FNDA:0,checkMethodAccessibilityModifier
FNDA:0,getUnwantedPublicAccessibilityFixer
FNDA:0,(anonymous_10)
FNDA:0,checkPropertyAccessibilityModifier
FNDA:0,checkParameterPropertyAccessibilityModifier
DA:1,0
DA:7,0
DA:30,0
DA:32,0
DA:79,0
DA:80,0
DA:81,0
DA:82,0
DA:83,0
DA:84,0
DA:85,0
DA:86,0
DA:87,0
DA:98,0
DA:116,0
DA:117,0
DA:120,0
DA:121,0
DA:122,0
DA:124,0
DA:125,0
DA:127,0
DA:128,0
DA:131,0
DA:132,0
DA:133,0
DA:136,0
DA:141,0
DA:142,0
DA:145,0
DA:149,0
DA:156,0
DA:157,0
DA:177,0
DA:178,0
DA:180,0
DA:181,0
DA:182,0
DA:187,0
DA:188,0
DA:191,0
DA:195,0
DA:199,0
DA:200,0
DA:204,0
DA:217,0
DA:218,0
DA:221,0
DA:223,0
DA:227,0
DA:231,0
DA:238,0
DA:242,0
DA:258,0
DA:260,0
DA:264,0
DA:268,0
DA:273,0
DA:275,0
DA:276,0
DA:278,0
DA:281,0
DA:282,0
DA:290,0
DA:295,0
LF:65
LH:0
BRDA:80,0,0,0
BRDA:80,0,1,0
BRDA:80,1,0,0
BRDA:80,1,1,0
BRDA:81,2,0,0
BRDA:81,2,1,0
BRDA:81,3,0,0
BRDA:81,3,1,0
BRDA:82,4,0,0
BRDA:82,4,1,0
BRDA:82,5,0,0
BRDA:82,5,1,0
BRDA:83,6,0,0
BRDA:83,6,1,0
BRDA:83,7,0,0
BRDA:83,7,1,0
BRDA:84,8,0,0
BRDA:84,8,1,0
BRDA:84,9,0,0
BRDA:84,9,1,0
BRDA:85,10,0,0
BRDA:85,10,1,0
BRDA:85,11,0,0
BRDA:85,11,1,0
BRDA:86,12,0,0
BRDA:86,12,1,0
BRDA:86,13,0,0
BRDA:86,13,1,0
BRDA:87,14,0,0
BRDA:87,14,1,0
BRDA:87,15,0,0
BRDA:87,15,1,0
BRDA:96,16,0,0
BRDA:116,17,0,0
BRDA:116,17,1,0
BRDA:122,18,0,0
BRDA:122,18,1,0
BRDA:122,18,2,0
BRDA:122,18,3,0
BRDA:141,19,0,0
BRDA:141,19,1,0
BRDA:141,20,0,0
BRDA:141,20,1,0
BRDA:145,21,0,0
BRDA:145,21,1,0
BRDA:146,22,0,0
BRDA:146,22,1,0
BRDA:156,23,0,0
BRDA:156,23,1,0
BRDA:156,24,0,0
BRDA:156,24,1,0
BRDA:182,25,0,0
BRDA:182,25,1,0
BRDA:183,26,0,0
BRDA:183,26,1,0
BRDA:188,27,0,0
BRDA:188,27,1,0
BRDA:217,28,0,0
BRDA:217,28,1,0
BRDA:227,29,0,0
BRDA:227,29,1,0
BRDA:228,30,0,0
BRDA:228,30,1,0
BRDA:238,31,0,0
BRDA:238,31,1,0
BRDA:239,32,0,0
BRDA:239,32,1,0
BRDA:260,33,0,0
BRDA:260,33,1,0
BRDA:261,34,0,0
BRDA:261,34,1,0
BRDA:268,35,0,0
BRDA:268,35,1,0
BRDA:273,36,0,0
BRDA:273,36,1,0
BRDA:275,37,0,0
BRDA:275,37,1,0
BRDA:281,38,0,0
BRDA:281,38,1,0
BRDA:281,39,0,0
BRDA:281,39,1,0
BRF:81
BRH:0
end_of_record
TN:
SF:src/rules/explicit-module-boundary-types.ts
FN:90,(anonymous_6)
FN:115,(anonymous_7)
FN:118,(anonymous_8)
FN:129,(anonymous_9)
FN:132,(anonymous_10)
FN:137,(anonymous_11)
FN:146,checkParameters
FN:149,checkParameter
FN:150,report
FN:221,isAllowedName
FN:259,isExportedHigherOrderFunction
FN:285,followReference
FN:321,checkNode
FN:399,ancestorHasReturnType
FN:442,checkEmptyBodyFunctionExpression
FN:462,checkFunctionExpression
FN:476,(anonymous_22)
FN:487,checkFunction
FN:497,(anonymous_24)
FNF:19
FNH:0
FNDA:0,(anonymous_6)
FNDA:0,(anonymous_7)
FNDA:0,(anonymous_8)
FNDA:0,(anonymous_9)
FNDA:0,(anonymous_10)
FNDA:0,(anonymous_11)
FNDA:0,checkParameters
FNDA:0,checkParameter
FNDA:0,report
FNDA:0,isAllowedName
FNDA:0,isExportedHigherOrderFunction
FNDA:0,followReference
FNDA:0,checkNode
FNDA:0,ancestorHasReturnType
FNDA:0,checkEmptyBodyFunctionExpression
FNDA:0,checkFunctionExpression
FNDA:0,(anonymous_22)
FNDA:0,checkFunction
FNDA:0,(anonymous_24)
DA:1,0
DA:5,0
DA:6,0
DA:7,0
DA:33,0
DA:91,0
DA:94,0
DA:97,0
DA:101,0
DA:114,0
DA:116,0
DA:121,0
DA:122,0
DA:124,0
DA:125,0
DA:130,0
DA:135,0
DA:138,0
DA:139,0
DA:140,0
DA:154,0
DA:155,0
DA:160,0
DA:161,0
DA:166,0
DA:167,0
DA:172,0
DA:173,0
DA:174,0
DA:180,0
DA:189,0
DA:194,0
DA:195,0
DA:196,0
DA:201,0
DA:203,0
DA:206,0
DA:209,0
DA:213,0
DA:214,0
DA:222,0
DA:223,0
DA:226,0
DA:230,0
DA:234,0
DA:239,0
DA:243,0
DA:245,0
DA:249,0
DA:251,0
DA:252,0
DA:256,0
DA:260,0
DA:261,0
DA:262,0
DA:264,0
DA:265,0
DA:268,0
DA:272,0
DA:275,0
DA:276,0
DA:279,0
DA:282,0
DA:286,0
DA:287,0
DA:288,0
DA:293,0
DA:295,0
DA:303,0
DA:306,0
DA:310,0
DA:311,0
DA:316,0
DA:322,0
DA:323,0
DA:325,0
DA:327,0
DA:330,0
DA:333,0
DA:334,0
DA:336,0
DA:339,0
DA:343,0
DA:345,0
DA:349,0
DA:350,0
DA:352,0
DA:355,0
DA:359,0
DA:363,0
DA:365,0
DA:368,0
DA:371,0
DA:372,0
DA:374,0
DA:377,0
DA:380,0
DA:383,0
DA:384,0
DA:386,0
DA:389,0
DA:400,0
DA:402,0
DA:403,0
DA:408,0
DA:410,0
DA:412,0
DA:413,0
DA:416,0
DA:417,0
DA:421,0
DA:422,0
DA:425,0
DA:430,0
DA:431,0
DA:433,0
DA:436,0
DA:439,0
DA:446,0
DA:449,0
DA:452,0
DA:453,0
DA:459,0
DA:463,0
DA:464,0
DA:466,0
DA:468,0
DA:473,0
DA:476,0
DA:477,0
DA:484,0
DA:488,0
DA:489,0
DA:491,0
DA:493,0
DA:494,0
DA:497,0
DA:498,0
DA:505,0
LF:139
LH:0
BRDA:121,0,0,0
BRDA:121,0,1,0
BRDA:139,1,0,0
BRDA:139,1,1,0
BRDA:154,2,0,0
BRDA:154,2,1,0
BRDA:160,3,0,0
BRDA:160,3,1,0
BRDA:166,4,0,0
BRDA:166,4,1,0
BRDA:172,5,0,0
BRDA:172,5,1,0
BRDA:173,6,0,0
BRDA:173,6,1,0
BRDA:189,7,0,0
BRDA:189,7,1,0
BRDA:189,7,2,0
BRDA:189,7,3,0
BRDA:189,7,4,0
BRDA:189,7,5,0
BRDA:194,8,0,0
BRDA:194,8,1,0
BRDA:196,9,0,0
BRDA:196,9,1,0
BRDA:197,10,0,0
BRDA:197,10,1,0
BRDA:222,11,0,0
BRDA:222,11,1,0
BRDA:222,12,0,0
BRDA:222,12,1,0
BRDA:222,12,2,0
BRDA:226,13,0,0
BRDA:226,13,1,0
BRDA:227,14,0,0
BRDA:227,14,1,0
BRDA:231,15,0,0
BRDA:231,15,1,0
BRDA:231,16,0,0
BRDA:231,16,1,0
BRDA:231,17,0,0
BRDA:231,17,1,0
BRDA:234,18,0,0
BRDA:234,18,1,0
BRDA:235,19,0,0
BRDA:235,19,1,0
BRDA:235,19,2,0
BRDA:235,19,3,0
BRDA:239,20,0,0
BRDA:239,20,1,0
BRDA:240,21,0,0
BRDA:240,21,1,0
BRDA:245,22,0,0
BRDA:245,22,1,0
BRDA:246,23,0,0
BRDA:246,23,1,0
BRDA:251,24,0,0
BRDA:251,24,1,0
BRDA:251,25,0,0
BRDA:251,25,1,0
BRDA:262,26,0,0
BRDA:262,26,1,0
BRDA:264,27,0,0
BRDA:264,27,1,0
BRDA:264,28,0,0
BRDA:264,28,1,0
BRDA:268,29,0,0
BRDA:268,29,1,0
BRDA:269,30,0,0
BRDA:269,30,1,0
BRDA:275,31,0,0
BRDA:275,31,1,0
BRDA:288,32,0,0
BRDA:295,33,0,0
BRDA:295,33,1,0
BRDA:311,34,0,0
BRDA:311,34,1,0
BRDA:313,35,0,0
BRDA:313,35,1,0
BRDA:322,36,0,0
BRDA:322,36,1,0
BRDA:322,37,0,0
BRDA:322,37,1,0
BRDA:327,38,0,0
BRDA:327,38,1,0
BRDA:327,38,2,0
BRDA:327,38,3,0
BRDA:327,38,4,0
BRDA:327,38,5,0
BRDA:327,38,6,0
BRDA:327,38,7,0
BRDA:327,38,8,0
BRDA:327,38,9,0
BRDA:327,38,10,0
BRDA:327,38,11,0
BRDA:327,38,12,0
BRDA:327,38,13,0
BRDA:327,38,14,0
BRDA:339,39,0,0
BRDA:339,39,1,0
BRDA:340,40,0,0
BRDA:340,40,1,0
BRDA:359,41,0,0
BRDA:359,41,1,0
BRDA:360,42,0,0
BRDA:360,42,1,0
BRDA:402,43,0,0
BRDA:402,43,1,0
BRDA:402,44,0,0
BRDA:402,44,1,0
BRDA:402,45,0,0
BRDA:402,45,1,0
BRDA:408,46,0,0
BRDA:408,46,1,0
BRDA:408,47,0,0
BRDA:408,47,1,0
BRDA:410,48,0,0
BRDA:410,48,1,0
BRDA:410,49,0,0
BRDA:410,49,1,0
BRDA:410,50,0,0
BRDA:410,50,1,0
BRDA:412,51,0,0
BRDA:412,51,1,0
BRDA:412,52,0,0
BRDA:412,52,1,0
BRDA:417,53,0,0
BRDA:417,53,1,0
BRDA:417,53,2,0
BRDA:417,53,3,0
BRDA:421,54,0,0
BRDA:421,54,1,0
BRDA:430,55,0,0
BRDA:430,55,1,0
BRDA:446,56,0,0
BRDA:446,56,1,0
BRDA:446,57,0,0
BRDA:446,57,1,0
BRDA:446,58,0,0
BRDA:446,58,1,0
BRDA:449,59,0,0
BRDA:449,59,1,0
BRDA:449,59,2,0
BRDA:449,60,0,0
BRDA:449,60,1,0
BRDA:449,61,0,0
BRDA:449,61,1,0
BRDA:450,62,0,0
BRDA:450,62,1,0
BRDA:450,63,0,0
BRDA:450,63,1,0
BRDA:452,64,0,0
BRDA:452,64,1,0
BRDA:452,65,0,0
BRDA:452,65,1,0
BRDA:452,65,2,0
BRDA:463,66,0,0
BRDA:463,66,1,0
BRDA:468,67,0,0
BRDA:468,67,1,0
BRDA:469,68,0,0
BRDA:469,68,1,0
BRDA:469,68,2,0
BRDA:488,69,0,0
BRDA:488,69,1,0
BRDA:493,70,0,0
BRDA:493,70,1,0
BRDA:493,71,0,0
BRDA:493,71,1,0
BRF:168
BRH:0
end_of_record
TN:
SF:src/rules/explicit-void-return.ts
FN:12,(anonymous_0)
FN:17,(anonymous_1)
FN:43,(anonymous_2)
FN:47,(anonymous_3)
FN:50,(anonymous_4)
FN:53,(anonymous_5)
FN:80,(anonymous_6)
FN:84,(anonymous_7)
FN:86,(anonymous_8)
FN:87,(anonymous_9)
FN:88,(anonymous_10)
FN:91,(anonymous_11)
FN:126,(anonymous_12)
FN:133,(anonymous_13)
FN:163,(anonymous_14)
FNF:15
FNH:0
FNDA:0,(anonymous_0)
FNDA:0,(anonymous_1)
FNDA:0,(anonymous_2)
FNDA:0,(anonymous_3)
FNDA:0,(anonymous_4)
FNDA:0,(anonymous_5)
FNDA:0,(anonymous_6)
FNDA:0,(anonymous_7)
FNDA:0,(anonymous_8)
FNDA:0,(anonymous_9)
FNDA:0,(anonymous_10)
FNDA:0,(anonymous_11)
FNDA:0,(anonymous_12)
FNDA:0,(anonymous_13)
FNDA:0,(anonymous_14)
DA:1,0
DA:7,0
DA:10,0
DA:11,0
DA:13,0
DA:17,0
DA:24,0
DA:25,0
DA:26,0
DA:31,0
DA:34,0
DA:42,0
DA:43,0
DA:44,0
DA:45,0
DA:47,0
DA:48,0
DA:50,0
DA:51,0
DA:53,0
DA:56,0
DA:58,0
DA:81,0
DA:82,0
DA:84,0
DA:85,0
DA:86,0
DA:87,0
DA:88,0
DA:90,0
DA:92,0
DA:93,0
DA:98,0
DA:100,0
DA:105,0
DA:106,0
DA:108,0
DA:109,0
DA:110,0
DA:112,0
DA:117,0
DA:118,0
DA:119,0
DA:120,0
DA:127,0
DA:134,0
DA:139,0
DA:141,0
DA:146,0
DA:147,0
DA:149,0
DA:154,0
DA:155,0
DA:156,0
DA:157,0
DA:164,0
LF:56
LH:0
BRDA:26,0,0,0
BRDA:26,0,1,0
BRDA:27,1,0,0
BRDA:27,1,1,0
BRDA:27,1,2,0
BRDA:45,2,0,0
BRDA:45,2,1,0
BRDA:48,3,0,0
BRDA:48,3,1,0
BRDA:51,4,0,0
BRDA:51,4,1,0
BRDA:93,5,0,0
BRDA:93,5,1,0
BRDA:94,6,0,0
BRDA:94,6,1,0
BRDA:94,6,2,0
BRDA:105,7,0,0
BRDA:105,7,1,0
BRDA:109,8,0,0
BRDA:109,8,1,0
BRDA:109,9,0,0
BRDA:109,9,1,0
BRDA:119,10,0,0
BRDA:119,10,1,0
BRDA:134,11,0,0
BRDA:134,11,1,0
BRDA:135,12,0,0
BRDA:135,12,1,0
BRDA:135,12,2,0
BRDA:146,13,0,0
BRDA:146,13,1,0
BRDA:156,14,0,0
BRDA:156,14,1,0
BRF:33
BRH:0
end_of_record
TN:
SF:src/rules/func-call-spacing.ts
FN:68,(anonymous_6)
FN:78,checkSpacing
FN:114,(anonymous_8)
FN:152,(anonymous_9)
FN:161,(anonymous_10)
FNF:5
FNH:0
FNDA:0,(anonymous_6)
FNDA:0,checkSpacing
FNDA:0,(anonymous_8)
FNDA:0,(anonymous_9)
FNDA:0,(anonymous_10)
DA:2,0
DA:15,0
DA:69,0
DA:70,0
DA:81,0
DA:83,0
DA:84,0
DA:87,0
DA:92,0
DA:94,0
DA:96,0
DA:101,0
DA:104,0
DA:106,0
DA:108,0
DA:109,0
DA:110,0
DA:119,0
DA:124,0
DA:130,0
DA:134,0
DA:139,0
DA:140,0
DA:147,0
DA:148,0
DA:153,0
DA:156,0
DA:157,0
DA:162,0
DA:172,0
LF:30
LH:0
BRDA:85,0,0,0
BRDA:85,0,1,0
BRDA:85,1,0,0
BRDA:85,1,1,0
BRDA:92,2,0,0
BRDA:92,2,1,0
BRDA:92,3,0,0
BRDA:92,3,1,0
BRDA:106,4,0,0
BRDA:106,4,1,0
BRDA:108,5,0,0
BRDA:108,5,1,0
BRDA:109,6,0,0
BRDA:109,6,1,0
BRDA:119,7,0,0
BRDA:119,7,1,0
BRDA:120,8,0,0
BRDA:120,8,1,0
BRDA:134,9,0,0
BRDA:134,9,1,0
BRDA:139,10,0,0
BRDA:139,10,1,0
BRDA:139,11,0,0
BRDA:139,11,1,0
BRDA:147,12,0,0
BRDA:147,12,1,0
BRDA:156,13,0,0
BRDA:156,13,1,0
BRDA:156,14,0,0
BRDA:156,14,1,0
BRF:30
BRH:0
end_of_record
TN:
SF:src/rules/indent.ts
FN:114,(anonymous_6)
FN:133,TSPropertySignatureToProperty
FN:177,(anonymous_8)
FN:184,(anonymous_9)
FN:193,(anonymous_10)
FN:209,(anonymous_11)
FN:236,(anonymous_12)
FN:245,(anonymous_13)
FN:256,(anonymous_14)
FN:309,(anonymous_15)
FN:325,(anonymous_16)
FN:330,(anonymous_17)
FN:344,(anonymous_18)
FN:364,(anonymous_19)
FN:406,(anonymous_20)
FN:419,(anonymous_21)
FN:434,(anonymous_22)
FN:447,(anonymous_23)
FNF:18
FNH:0
FNDA:0,(anonymous_6)
FNDA:0,TSPropertySignatureToProperty
FNDA:0,(anonymous_8)
FNDA:0,(anonymous_9)
FNDA:0,(anonymous_10)
FNDA:0,(anonymous_11)
FNDA:0,(anonymous_12)
FNDA:0,(anonymous_13)
FNDA:0,(anonymous_14)
FNDA:0,(anonymous_15)
FNDA:0,(anonymous_16)
FNDA:0,(anonymous_17)
FNDA:0,(anonymous_18)
FNDA:0,(anonymous_19)
FNDA:0,(anonymous_20)
FNDA:0,(anonymous_21)
FNDA:0,(anonymous_22)
FNDA:0,(anonymous_23)
DA:8,0
DA:12,0
DA:13,0
DA:15,0
DA:20,0
DA:88,0
DA:117,0
DA:125,0
DA:142,0
DA:159,0
DA:160,0
DA:165,0
DA:175,0
DA:179,0
DA:180,0
DA:186,0
DA:187,0
DA:190,0
DA:195,0
DA:211,0
DA:240,0
DA:246,0
DA:259,0
DA:261,0
DA:311,0
DA:327,0
DA:331,0
DA:348,0
DA:365,0
DA:366,0
DA:371,0
DA:408,0
DA:420,0
DA:436,0
DA:448,0
DA:449,0
DA:452,0
DA:456,0
LF:38
LH:0
BRDA:138,0,0,0
BRDA:159,1,0,0
BRDA:159,1,1,0
BRDA:179,2,0,0
BRDA:179,2,1,0
BRDA:186,3,0,0
BRDA:186,3,1,0
BRDA:291,4,0,0
BRDA:291,4,1,0
BRDA:382,5,0,0
BRDA:382,5,1,0
BRDA:388,6,0,0
BRDA:388,6,1,0
BRDA:448,7,0,0
BRDA:448,7,1,0
BRF:15
BRH:0
end_of_record
TN:
SF:src/rules/index.ts
FNF:0
FNH:0
DA:1,0
DA:2,0
DA:3,0
DA:4,0
DA:5,0
DA:6,0
DA:7,0
DA:8,0
DA:9,0
DA:10,0
DA:11,0
DA:12,0
DA:13,0
DA:14,0
DA:15,0
DA:16,0
DA:17,0
DA:18,0
DA:19,0
DA:20,0
DA:21,0
DA:22,0
DA:23,0
DA:24,0
DA:25,0
DA:26,0
DA:27,0
DA:28,0
DA:29,0
DA:30,0
DA:31,0
DA:32,0
DA:33,0
DA:34,0
DA:35,0
DA:36,0
DA:37,0
DA:38,0
DA:39,0
DA:40,0
DA:41,0
DA:42,0
DA:43,0
DA:44,0
DA:45,0
DA:46,0
DA:47,0
DA:48,0
DA:49,0
DA:50,0
DA:51,0
DA:52,0
DA:53,0
DA:54,0
DA:55,0
DA:56,0
DA:57,0
DA:58,0
DA:59,0
DA:60,0
DA:61,0
DA:62,0
DA:63,0
DA:64,0
DA:65,0
DA:66,0
DA:67,0
DA:68,0
DA:69,0
DA:70,0
DA:71,0
DA:72,0
DA:73,0
DA:74,0
DA:75,0
DA:76,0
DA:77,0
DA:78,0
DA:79,0
DA:80,0
DA:81,0
DA:82,0
DA:83,0
DA:84,0
DA:85,0
DA:86,0
DA:87,0
DA:88,0
DA:89,0
DA:90,0
DA:91,0
DA:92,0
DA:93,0
DA:94,0
DA:95,0
DA:96,0
DA:97,0
DA:98,0
DA:99,0
DA:100,0
DA:101,0
DA:102,0
DA:103,0
DA:104,0
DA:105,0
DA:106,0
DA:107,0
DA:108,0
DA:109,0
DA:110,0
DA:111,0
DA:112,0
DA:113,0
DA:114,0
DA:115,0
DA:116,0
DA:117,0
DA:118,0
DA:119,0
DA:120,0
DA:121,0
DA:123,0
LF:122
LH:0
BRF:0
BRH:0
end_of_record
TN:
SF:src/rules/init-declarations.ts
FN:32,(anonymous_0)
FN:36,(anonymous_1)
FNF:2
FNH:0
FNDA:0,(anonymous_0)
FNDA:0,(anonymous_1)
DA:1,0
DA:5,0
DA:6,0
DA:12,0
DA:17,0
DA:33,0
DA:35,0
DA:37,0
DA:38,0
DA:39,0
DA:41,0
DA:46,0
DA:50,0
LF:13
LH:0
BRDA:37,0,0,0
BRDA:37,0,1,0
BRDA:38,1,0,0
BRDA:38,1,1,0
BRDA:41,2,0,0
BRDA:41,2,1,0
BRDA:42,3,0,0
BRDA:42,3,1,0
BRDA:42,3,2,0
BRDA:42,4,0,0
BRDA:42,4,1,0
BRDA:42,5,0,0
BRDA:42,5,1,0
BRDA:43,6,0,0
BRDA:43,6,1,0
BRDA:43,7,0,0
BRDA:43,7,1,0
BRDA:44,8,0,0
BRDA:44,8,1,0
BRDA:44,9,0,0
BRDA:44,9,1,0
BRF:21
BRH:0
end_of_record
TN:
SF:src/rules/keyword-spacing.ts
FN:26,(anonymous_6)
FN:31,(anonymous_7)
FN:35,(anonymous_8)
FNF:3
FNH:0
FNDA:0,(anonymous_6)
FNDA:0,(anonymous_7)
FNDA:0,(anonymous_8)
DA:1,0
DA:2,0
DA:3,0
DA:5,0
DA:10,0
DA:27,0
DA:28,0
DA:29,0
DA:32,0
DA:35,0
DA:39,0
DA:44,0
DA:47,0
DA:50,0
LF:14
LH:0
BRF:0
BRH:0
end_of_record
TN:
SF:src/rules/lines-between-class-members.ts
FN:46,(anonymous_6)
FN:51,isOverload
FN:60,(anonymous_8)
FN:62,(anonymous_9)
FNF:4
FNH:0
FNDA:0,(anonymous_6)
FNDA:0,isOverload
FNDA:0,(anonymous_8)
FNDA:0,(anonymous_9)
DA:1,0
DA:5,0
DA:6,0
DA:8,0
DA:13,0
DA:25,0
DA:47,0
DA:49,0
DA:52,0
DA:59,0
DA:61,0
DA:62,0
DA:65,0
LF:13
LH:0
BRDA:49,0,0,0
BRDA:49,0,1,0
BRDA:49,1,0,0
BRDA:49,1,1,0
BRDA:49,2,0,0
BRDA:49,2,1,0
BRDA:53,3,0,0
BRDA:53,3,1,0
BRDA:53,3,2,0
BRDA:61,4,0,0
BRDA:61,4,1,0
BRF:11
BRH:0
end_of_record
TN:
SF:src/rules/member-delimiter-style.ts
FN:75,(anonymous_6)
FN:81,(anonymous_7)
FN:98,(anonymous_8)
FN:165,(anonymous_9)
FN:186,checkLastToken
FN:195,getOption
FN:274,checkMemberSeparatorStyle
FN:300,(anonymous_13)
FNF:8
FNH:0
FNDA:0,(anonymous_6)
FNDA:0,(anonymous_7)
FNDA:0,(anonymous_8)
FNDA:0,(anonymous_9)
FNDA:0,checkLastToken
FNDA:0,getOption
FNDA:0,checkMemberSeparatorStyle
FNDA:0,(anonymous_13)
DA:1,0
DA:6,0
DA:51,0
DA:75,0
DA:76,0
DA:78,0
DA:81,0
DA:90,0
DA:95,0
DA:98,0
DA:99,0
DA:101,0
DA:104,0
DA:106,0
DA:108,0
DA:112,0
DA:116,0
DA:166,0
DA:169,0
DA:170,0
DA:171,0
DA:175,0
DA:196,0
DA:198,0
DA:200,0
DA:203,0
DA:204,0
DA:205,0
DA:209,0
DA:210,0
DA:213,0
DA:214,0
DA:216,0
DA:217,0
DA:218,0
DA:220,0
DA:221,0
DA:222,0
DA:223,0
DA:224,0
DA:225,0
DA:227,0
DA:228,0
DA:229,0
DA:230,0
DA:231,0
DA:232,0
DA:235,0
DA:236,0
DA:237,0
DA:238,0
DA:239,0
DA:240,0
DA:244,0
DA:245,0
DA:278,0
DA:280,0
DA:281,0
DA:286,0
DA:287,0
DA:288,0
DA:293,0
DA:296,0
DA:300,0
DA:301,0
DA:305,0
LF:66
LH:0
BRDA:90,0,0,0
BRDA:90,0,1,0
BRDA:91,1,0,0
BRDA:91,1,1,0
BRDA:91,1,2,0
BRDA:99,2,0,0
BRDA:99,2,1,0
BRDA:104,3,0,0
BRDA:104,3,1,0
BRDA:106,4,0,0
BRDA:106,4,1,0
BRDA:170,5,0,0
BRDA:170,5,1,0
BRDA:170,6,0,0
BRDA:170,6,1,0
BRDA:196,7,0,0
BRDA:196,7,1,0
BRDA:196,8,0,0
BRDA:196,8,1,0
BRDA:209,9,0,0
BRDA:209,9,1,0
BRDA:214,10,0,0
BRDA:214,10,1,0
BRDA:214,11,0,0
BRDA:214,11,1,0
BRDA:220,12,0,0
BRDA:220,12,1,0
BRDA:221,13,0,0
BRDA:221,13,1,0
BRDA:223,14,0,0
BRDA:223,14,1,0
BRDA:227,15,0,0
BRDA:227,15,1,0
BRDA:228,16,0,0
BRDA:228,16,1,0
BRDA:230,17,0,0
BRDA:230,17,1,0
BRDA:235,18,0,0
BRDA:235,18,1,0
BRDA:238,19,0,0
BRDA:238,19,1,0
BRDA:244,20,0,0
BRDA:244,20,1,0
BRDA:278,21,0,0
BRDA:278,21,1,0
BRDA:281,22,0,0
BRDA:281,22,1,0
BRDA:282,23,0,0
BRDA:282,23,1,0
BRDA:282,23,2,0
BRDA:287,24,0,0
BRDA:287,24,1,0
BRDA:293,25,0,0
BRDA:293,25,1,0
BRDA:296,26,0,0
BRDA:296,26,1,0
BRDA:301,27,0,0
BRDA:301,27,1,0
BRDA:301,28,0,0
BRDA:301,28,1,0
BRF:60
BRH:0
end_of_record
TN:
SF:src/rules/member-ordering.ts
FN:39,(anonymous_6)
FN:46,(anonymous_7)
FN:197,(anonymous_8)
FN:200,(anonymous_9)
FN:224,(anonymous_10)
FN:247,getNodeType
FN:276,getMemberRawName
FN:304,getMemberName
FN:342,getRankOrder
FN:359,getRank
FN:435,getLowestRank
FN:442,(anonymous_17)
FN:514,(anonymous_18)
FN:524,checkGroupSort
FN:534,(anonymous_20)
FN:576,checkAlphaSort
FN:584,(anonymous_22)
FN:620,validateMembersOrder
FN:654,(anonymous_24)
FN:664,(anonymous_25)
FN:671,(anonymous_26)
FN:678,(anonymous_27)
FN:685,(anonymous_28)
FNF:23
FNH:0
FNDA:0,(anonymous_6)
FNDA:0,(anonymous_7)
FNDA:0,(anonymous_8)
FNDA:0,(anonymous_9)
FNDA:0,(anonymous_10)
FNDA:0,getNodeType
FNDA:0,getMemberRawName
FNDA:0,getMemberName
FNDA:0,getRankOrder
FNDA:0,getRank
FNDA:0,getLowestRank
FNDA:0,(anonymous_17)
FNDA:0,(anonymous_18)
FNDA:0,checkGroupSort
FNDA:0,(anonymous_20)
FNDA:0,checkAlphaSort
FNDA:0,(anonymous_22)
FNDA:0,validateMembersOrder
FNDA:0,(anonymous_24)
FNDA:0,(anonymous_25)
FNDA:0,(anonymous_26)
FNDA:0,(anonymous_27)
FNDA:0,(anonymous_28)
DA:1,0
DA:7,0
DA:34,0
DA:39,0
DA:46,0
DA:60,0
DA:189,0
DA:198,0
DA:200,0
DA:201,0
DA:202,0
DA:206,0
DA:212,0
DA:213,0
DA:214,0
DA:215,0
DA:217,0
DA:218,0
DA:222,0
DA:224,0
DA:225,0
DA:226,0
DA:229,0
DA:234,0
DA:237,0
DA:248,0
DA:251,0
DA:253,0
DA:255,0
DA:257,0
DA:259,0
DA:261,0
DA:265,0
DA:267,0
DA:269,0
DA:287,0
DA:289,0
DA:290,0
DA:292,0
DA:293,0
DA:295,0
DA:308,0
DA:313,0
DA:316,0
DA:320,0
DA:322,0
DA:324,0
DA:326,0
DA:343,0
DA:344,0
DA:346,0
DA:347,0
DA:350,0
DA:364,0
DA:366,0
DA:368,0
DA:372,0
DA:376,0
DA:382,0
DA:387,0
DA:389,0
DA:390,0
DA:391,0
DA:398,0
DA:399,0
DA:402,0
DA:404,0
DA:405,0
DA:408,0
DA:411,0
DA:413,0
DA:440,0
DA:442,0
DA:443,0
DA:444,0
DA:448,0
DA:451,0
DA:529,0
DA:530,0
DA:531,0
DA:534,0
DA:535,0
DA:536,0
DA:537,0
DA:539,0
DA:540,0
DA:544,0
DA:545,0
DA:554,0
DA:555,0
DA:557,0
DA:560,0
DA:561,0
DA:565,0
DA:580,0
DA:581,0
DA:584,0
DA:585,0
DA:588,0
DA:589,0
DA:594,0
DA:603,0
DA:606,0
DA:610,0
DA:625,0
DA:626,0
DA:630,0
DA:633,0
DA:634,0
DA:636,0
DA:637,0
DA:640,0
DA:642,0
DA:645,0
DA:646,0
DA:648,0
DA:649,0
DA:652,0
DA:653,0
DA:655,0
DA:658,0
DA:659,0
DA:663,0
DA:665,0
DA:672,0
DA:679,0
DA:686,0
LF:127
LH:0
BRDA:201,0,0,0
BRDA:201,0,1,0
BRDA:206,1,0,0
BRDA:206,1,1,0
BRDA:207,2,0,0
BRDA:207,2,1,0
BRDA:207,2,2,0
BRDA:207,2,3,0
BRDA:214,3,0,0
BRDA:214,3,1,0
BRDA:217,4,0,0
BRDA:217,4,1,0
BRDA:222,5,0,0
BRDA:222,5,1,0
BRDA:222,6,0,0
BRDA:222,6,1,0
BRDA:225,7,0,0
BRDA:225,7,1,0
BRDA:248,8,0,0
BRDA:248,8,1,0
BRDA:248,8,2,0
BRDA:248,8,3,0
BRDA:248,8,4,0
BRDA:248,8,5,0
BRDA:248,8,6,0
BRDA:248,8,7,0
BRDA:248,8,8,0
BRDA:248,8,9,0
BRDA:261,9,0,0
BRDA:261,9,1,0
BRDA:261,10,0,0
BRDA:261,10,1,0
BRDA:289,11,0,0
BRDA:289,11,1,0
BRDA:292,12,0,0
BRDA:292,12,1,0
BRDA:308,13,0,0
BRDA:308,13,1,0
BRDA:308,13,2,0
BRDA:308,13,3,0
BRDA:308,13,4,0
BRDA:308,13,5,0
BRDA:308,13,6,0
BRDA:308,13,7,0
BRDA:308,13,8,0
BRDA:308,13,9,0
BRDA:316,14,0,0
BRDA:316,14,1,0
BRDA:346,15,0,0
BRDA:346,15,1,0
BRDA:366,16,0,0
BRDA:366,16,1,0
BRDA:372,17,0,0
BRDA:372,17,1,0
BRDA:376,18,0,0
BRDA:376,18,1,0
BRDA:376,19,0,0
BRDA:376,19,1,0
BRDA:378,20,0,0
BRDA:378,20,1,0
BRDA:382,21,0,0
BRDA:382,21,1,0
BRDA:382,22,0,0
BRDA:382,22,1,0
BRDA:389,23,0,0
BRDA:389,23,1,0
BRDA:390,24,0,0
BRDA:390,24,1,0
BRDA:391,25,0,0
BRDA:391,25,1,0
BRDA:392,26,0,0
BRDA:392,26,1,0
BRDA:392,26,2,0
BRDA:392,26,3,0
BRDA:392,26,4,0
BRDA:402,27,0,0
BRDA:402,27,1,0
BRDA:443,28,0,0
BRDA:443,28,1,0
BRDA:539,29,0,0
BRDA:539,29,1,0
BRDA:544,30,0,0
BRDA:544,30,1,0
BRDA:555,31,0,0
BRDA:555,31,1,0
BRDA:565,32,0,0
BRDA:565,32,1,0
BRDA:588,33,0,0
BRDA:588,33,1,0
BRDA:589,34,0,0
BRDA:589,34,1,0
BRDA:590,35,0,0
BRDA:590,35,1,0
BRDA:625,36,0,0
BRDA:625,36,1,0
BRDA:633,37,0,0
BRDA:633,37,1,0
BRDA:640,38,0,0
BRDA:640,38,1,0
BRDA:640,39,0,0
BRDA:640,39,1,0
BRDA:645,40,0,0
BRDA:645,40,1,0
BRDA:648,41,0,0
BRDA:648,41,1,0
BRDA:652,42,0,0
BRDA:652,42,1,0
BRDA:658,43,0,0
BRDA:658,43,1,0
BRDA:667,44,0,0
BRDA:667,44,1,0
BRDA:667,45,0,0
BRDA:667,45,1,0
BRDA:674,46,0,0
BRDA:674,46,1,0
BRDA:674,47,0,0
BRDA:674,47,1,0
BRDA:681,48,0,0
BRDA:681,48,1,0
BRDA:681,49,0,0
BRDA:681,49,1,0
BRDA:688,50,0,0
BRDA:688,50,1,0
BRDA:688,51,0,0
BRDA:688,51,1,0
BRF:125
BRH:0
end_of_record
TN:
SF:src/rules/method-signature-style.ts
FN:33,(anonymous_6)
FN:36,getMethodKey
FN:52,getMethodParams
FN:81,getMethodReturnType
FN:91,getDelimiter
FN:103,isNodeParentModuleDeclaration
FN:120,(anonymous_12)
FN:131,(anonymous_13)
FN:148,(anonymous_14)
FN:152,(anonymous_15)
FN:154,(anonymous_16)
FN:194,(anonymous_17)
FN:209,(anonymous_18)
FN:218,(anonymous_19)
FNF:14
FNH:0
FNDA:0,(anonymous_6)
FNDA:0,getMethodKey
FNDA:0,getMethodParams
FNDA:0,getMethodReturnType
FNDA:0,getDelimiter
FNDA:0,isNodeParentModuleDeclaration
FNDA:0,(anonymous_12)
FNDA:0,(anonymous_13)
FNDA:0,(anonymous_14)
FNDA:0,(anonymous_15)
FNDA:0,(anonymous_16)
FNDA:0,(anonymous_17)
FNDA:0,(anonymous_18)
FNDA:0,(anonymous_19)
DA:1,0
DA:5,0
DA:10,0
DA:34,0
DA:39,0
DA:40,0
DA:41,0
DA:43,0
DA:44,0
DA:46,0
DA:47,0
DA:49,0
DA:55,0
DA:56,0
DA:57,0
DA:61,0
DA:69,0
DA:74,0
DA:75,0
DA:76,0
DA:78,0
DA:84,0
DA:92,0
DA:93,0
DA:97,0
DA:100,0
DA:104,0
DA:105,0
DA:108,0
DA:109,0
DA:112,0
DA:113,0
DA:115,0
DA:118,0
DA:121,0
DA:123,0
DA:130,0
DA:132,0
DA:136,0
DA:138,0
DA:139,0
DA:140,0
DA:145,0
DA:149,0
DA:152,0
DA:153,0
DA:155,0
DA:156,0
DA:157,0
DA:160,0
DA:161,0
DA:162,0
DA:166,0
DA:167,0
DA:168,0
DA:169,0
DA:170,0
DA:171,0
DA:172,0
DA:182,0
DA:185,0
DA:186,0
DA:191,0
DA:195,0
DA:196,0
DA:197,0
DA:198,0
DA:199,0
DA:210,0
DA:211,0
DA:212,0
DA:215,0
DA:219,0
DA:220,0
DA:221,0
DA:222,0
DA:223,0
LF:77
LH:0
BRDA:40,0,0,0
BRDA:40,0,1,0
BRDA:43,1,0,0
BRDA:43,1,1,0
BRDA:46,2,0,0
BRDA:46,2,1,0
BRDA:56,3,0,0
BRDA:56,3,1,0
BRDA:74,4,0,0
BRDA:74,4,1,0
BRDA:84,5,0,0
BRDA:84,5,1,0
BRDA:93,6,0,0
BRDA:93,6,1,0
BRDA:94,7,0,0
BRDA:94,7,1,0
BRDA:94,7,2,0
BRDA:104,8,0,0
BRDA:104,8,1,0
BRDA:108,9,0,0
BRDA:108,9,1,0
BRDA:112,10,0,0
BRDA:112,10,1,0
BRDA:119,11,0,0
BRDA:119,11,1,0
BRDA:123,12,0,0
BRDA:123,12,1,0
BRDA:123,13,0,0
BRDA:123,13,1,0
BRDA:123,14,0,0
BRDA:123,14,1,0
BRDA:125,15,0,0
BRDA:125,15,1,0
BRDA:125,16,0,0
BRDA:125,16,1,0
BRDA:125,17,0,0
BRDA:125,17,1,0
BRDA:132,18,0,0
BRDA:132,18,1,0
BRDA:132,18,2,0
BRDA:138,19,0,0
BRDA:138,19,1,0
BRDA:139,20,0,0
BRDA:139,20,1,0
BRDA:152,21,0,0
BRDA:152,21,1,0
BRDA:168,22,0,0
BRDA:168,22,1,0
BRDA:170,23,0,0
BRDA:170,23,1,0
BRDA:185,24,0,0
BRDA:185,24,1,0
BRDA:208,25,0,0
BRDA:208,25,1,0
BRDA:210,26,0,0
BRDA:210,26,1,0
BRDA:210,27,0,0
BRDA:210,27,1,0
BRDA:211,28,0,0
BRDA:211,28,1,0
BRDA:211,29,0,0
BRDA:211,29,1,0
BRDA:211,30,0,0
BRDA:211,30,1,0
BRF:64
BRH:0
end_of_record
TN:
SF:src/rules/naming-convention.ts
FN:82,(anonymous_6)
FN:101,handleMember
FN:125,getMemberModifiers
FN:156,isUnused
FN:176,isDestructured
FN:192,(anonymous_11)
FN:211,(anonymous_12)
FN:234,(anonymous_13)
FN:267,(anonymous_14)
FN:280,(anonymous_15)
FN:287,(anonymous_16)
FN:307,(anonymous_17)
FN:317,(anonymous_18)
FN:326,(anonymous_19)
FN:333,(anonymous_20)
FN:342,(anonymous_21)
FN:357,(anonymous_22)
FN:370,(anonymous_23)
FN:386,(anonymous_24)
FN:397,(anonymous_25)
FN:404,(anonymous_26)
FN:416,(anonymous_27)
FN:438,(anonymous_28)
FN:474,(anonymous_29)
FN:498,(anonymous_30)
FN:522,(anonymous_31)
FN:547,(anonymous_32)
FN:570,getIdentifiersFromPattern
FN:574,(anonymous_34)
FN:579,isExported
FN:611,isGlobal
FN:622,requiresQuoting
FNF:32
FNH:0
FNDA:0,(anonymous_6)
FNDA:0,handleMember
FNDA:0,getMemberModifiers
FNDA:0,isUnused
FNDA:0,isDestructured
FNDA:0,(anonymous_11)
FNDA:0,(anonymous_12)
FNDA:0,(anonymous_13)
FNDA:0,(anonymous_14)
FNDA:0,(anonymous_15)
FNDA:0,(anonymous_16)
FNDA:0,(anonymous_17)
FNDA:0,(anonymous_18)
FNDA:0,(anonymous_19)
FNDA:0,(anonymous_20)
FNDA:0,(anonymous_21)
FNDA:0,(anonymous_22)
FNDA:0,(anonymous_23)
FNDA:0,(anonymous_24)
FNDA:0,(anonymous_25)
FNDA:0,(anonymous_26)
FNDA:0,(anonymous_27)
FNDA:0,(anonymous_28)
FNDA:0,(anonymous_29)
FNDA:0,(anonymous_30)
FNDA:0,(anonymous_31)
FNDA:0,(anonymous_32)
FNDA:0,getIdentifiersFromPattern
FNDA:0,(anonymous_34)
FNDA:0,isExported
FNDA:0,isGlobal
FNDA:0,requiresQuoting
DA:1,0
DA:6,0
DA:8,0
DA:9,0
DA:33,0
DA:54,0
DA:84,0
DA:95,0
DA:98,0
DA:113,0
DA:114,0
DA:117,0
DA:118,0
DA:119,0
DA:122,0
DA:133,0
DA:134,0
DA:135,0
DA:137,0
DA:139,0
DA:140,0
DA:142,0
DA:143,0
DA:145,0
DA:149,0
DA:152,0
DA:155,0
DA:160,0
DA:161,0
DA:162,0
DA:163,0
DA:164,0
DA:165,0
DA:167,0
DA:169,0
DA:170,0
DA:173,0
DA:177,0
DA:189,0
DA:193,0
DA:194,0
DA:195,0
DA:197,0
DA:199,0
DA:200,0
DA:201,0
DA:202,0
DA:203,0
DA:206,0
DA:207,0
DA:211,0
DA:212,0
DA:214,0
DA:215,0
DA:218,0
DA:219,0
DA:222,0
DA:223,0
DA:226,0
DA:240,0
DA:241,0
DA:242,0
DA:245,0
DA:247,0
DA:249,0
DA:250,0
DA:253,0
DA:254,0
DA:257,0
DA:258,0
DA:261,0
DA:275,0
DA:276,0
DA:277,0
DA:280,0
DA:281,0
DA:282,0
DA:285,0
DA:287,0
DA:288,0
DA:290,0
DA:291,0
DA:294,0
DA:295,0
DA:298,0
DA:308,0
DA:309,0
DA:310,0
DA:313,0
DA:315,0
DA:317,0
DA:318,0
DA:329,0
DA:330,0
DA:338,0
DA:339,0
DA:345,0
DA:346,0
DA:347,0
DA:350,0
DA:366,0
DA:367,0
DA:382,0
DA:383,0
DA:389,0
DA:390,0
DA:400,0
DA:401,0
DA:407,0
DA:408,0
DA:419,0
DA:420,0
DA:421,0
DA:424,0
DA:425,0
DA:427,0
DA:428,0
DA:431,0
DA:441,0
DA:442,0
DA:443,0
DA:446,0
DA:447,0
DA:448,0
DA:451,0
DA:453,0
DA:455,0
DA:456,0
DA:459,0
DA:460,0
DA:463,0
DA:464,0
DA:467,0
DA:475,0
DA:476,0
DA:477,0
DA:480,0
DA:481,0
DA:483,0
DA:484,0
DA:487,0
DA:488,0
DA:491,0
DA:499,0
DA:500,0
DA:501,0
DA:504,0
DA:505,0
DA:507,0
DA:508,0
DA:511,0
DA:512,0
DA:515,0
DA:523,0
DA:524,0
DA:525,0
DA:528,0
DA:530,0
DA:532,0
DA:533,0
DA:536,0
DA:537,0
DA:540,0
DA:550,0
DA:551,0
DA:552,0
DA:555,0
DA:556,0
DA:558,0
DA:559,0
DA:562,0
DA:573,0
DA:574,0
DA:575,0
DA:576,0
DA:584,0
DA:588,0
DA:591,0
DA:592,0
DA:595,0
DA:596,0
DA:597,0
DA:598,0
DA:599,0
DA:603,0
DA:608,0
DA:612,0
DA:613,0
DA:616,0
DA:627,0
DA:631,0
LF:191
LH:0
BRDA:84,0,0,0
BRDA:84,0,1,0
BRDA:84,1,0,0
BRDA:84,1,1,0
BRDA:113,2,0,0
BRDA:113,2,1,0
BRDA:118,3,0,0
BRDA:118,3,1,0
BRDA:134,4,0,0
BRDA:134,4,1,0
BRDA:139,5,0,0
BRDA:139,5,1,0
BRDA:142,6,0,0
BRDA:142,6,1,0
BRDA:142,7,0,0
BRDA:142,7,1,0
BRDA:145,8,0,0
BRDA:145,8,1,0
BRDA:146,9,0,0
BRDA:146,9,1,0
BRDA:158,10,0,0
BRDA:163,11,0,0
BRDA:163,11,1,0
BRDA:163,12,0,0
BRDA:163,12,1,0
BRDA:164,13,0,0
BRDA:164,13,1,0
BRDA:169,14,0,0
BRDA:169,14,1,0
BRDA:180,15,0,0
BRDA:180,15,1,0
BRDA:180,15,2,0
BRDA:180,15,3,0
BRDA:180,15,4,0
BRDA:180,16,0,0
BRDA:180,16,1,0
BRDA:180,17,0,0
BRDA:180,17,1,0
BRDA:183,18,0,0
BRDA:183,18,1,0
BRDA:183,19,0,0
BRDA:183,19,1,0
BRDA:184,20,0,0
BRDA:184,20,1,0
BRDA:184,21,0,0
BRDA:184,21,1,0
BRDA:194,22,0,0
BRDA:194,22,1,0
BRDA:201,23,0,0
BRDA:201,23,1,0
BRDA:201,24,0,0
BRDA:201,24,1,0
BRDA:201,25,0,0
BRDA:201,25,1,0
BRDA:202,26,0,0
BRDA:202,26,1,0
BRDA:206,27,0,0
BRDA:206,27,1,0
BRDA:214,28,0,0
BRDA:214,28,1,0
BRDA:218,29,0,0
BRDA:218,29,1,0
BRDA:222,30,0,0
BRDA:222,30,1,0
BRDA:241,31,0,0
BRDA:241,31,1,0
BRDA:241,32,0,0
BRDA:241,32,1,0
BRDA:249,33,0,0
BRDA:249,33,1,0
BRDA:253,34,0,0
BRDA:253,34,1,0
BRDA:257,35,0,0
BRDA:257,35,1,0
BRDA:276,36,0,0
BRDA:276,36,1,0
BRDA:281,37,0,0
BRDA:281,37,1,0
BRDA:290,38,0,0
BRDA:290,38,1,0
BRDA:294,39,0,0
BRDA:294,39,1,0
BRDA:309,40,0,0
BRDA:309,40,1,0
BRDA:346,41,0,0
BRDA:346,41,1,0
BRDA:420,42,0,0
BRDA:420,42,1,0
BRDA:427,43,0,0
BRDA:427,43,1,0
BRDA:442,44,0,0
BRDA:442,44,1,0
BRDA:447,45,0,0
BRDA:447,45,1,0
BRDA:455,46,0,0
BRDA:455,46,1,0
BRDA:459,47,0,0
BRDA:459,47,1,0
BRDA:463,48,0,0
BRDA:463,48,1,0
BRDA:476,49,0,0
BRDA:476,49,1,0
BRDA:483,50,0,0
BRDA:483,50,1,0
BRDA:487,51,0,0
BRDA:487,51,1,0
BRDA:500,52,0,0
BRDA:500,52,1,0
BRDA:507,53,0,0
BRDA:507,53,1,0
BRDA:511,54,0,0
BRDA:511,54,1,0
BRDA:524,55,0,0
BRDA:524,55,1,0
BRDA:532,56,0,0
BRDA:532,56,1,0
BRDA:536,57,0,0
BRDA:536,57,1,0
BRDA:551,58,0,0
BRDA:551,58,1,0
BRDA:558,59,0,0
BRDA:558,59,1,0
BRDA:584,60,0,0
BRDA:584,60,1,0
BRDA:585,61,0,0
BRDA:585,61,1,0
BRDA:585,62,0,0
BRDA:585,62,1,0
BRDA:585,63,0,0
BRDA:585,63,1,0
BRDA:585,64,0,0
BRDA:585,64,1,0
BRDA:585,65,0,0
BRDA:585,65,1,0
BRDA:586,66,0,0
BRDA:586,66,1,0
BRDA:586,67,0,0
BRDA:586,67,1,0
BRDA:586,68,0,0
BRDA:586,68,1,0
BRDA:586,69,0,0
BRDA:586,69,1,0
BRDA:591,70,0,0
BRDA:591,70,1,0
BRDA:596,71,0,0
BRDA:596,71,1,0
BRDA:599,72,0,0
BRDA:599,72,1,0
BRDA:600,73,0,0
BRDA:600,73,1,0
BRDA:600,74,0,0
BRDA:600,74,1,0
BRDA:600,75,0,0
BRDA:600,75,1,0
BRDA:601,76,0,0
BRDA:601,76,1,0
BRDA:601,77,0,0
BRDA:601,77,1,0
BRDA:612,78,0,0
BRDA:612,78,1,0
BRDA:617,79,0,0
BRDA:617,79,1,0
BRDA:627,80,0,0
BRDA:627,80,1,0
BRDA:627,81,0,0
BRDA:627,81,1,0
BRF:166
BRH:0
end_of_record
TN:
SF:src/rules/no-array-constructor.ts
FN:23,(anonymous_6)
FN:28,check
FN:41,(anonymous_8)
FNF:3
FNH:0
FNDA:0,(anonymous_6)
FNDA:0,check
FNDA:0,(anonymous_8)
DA:1,0
DA:5,0
DA:7,0
DA:31,0
DA:38,0
DA:42,0
DA:43,0
DA:45,0
DA:46,0
DA:48,0
DA:57,0
LF:11
LH:0
BRDA:31,0,0,0
BRDA:31,0,1,0
BRDA:32,1,0,0
BRDA:32,1,1,0
BRDA:32,1,2,0
BRDA:32,1,3,0
BRDA:32,1,4,0
BRDA:42,2,0,0
BRDA:42,2,1,0
BRF:9
BRH:0
end_of_record
TN:
SF:src/rules/no-base-to-string.ts
FN:9,(anonymous_6)
FN:56,(anonymous_7)
FN:61,checkExpression
FN:86,collectToStringCertainty
FN:107,(anonymous_10)
FN:157,(anonymous_11)
FN:176,(anonymous_12)
FN:182,(anonymous_13)
FNF:8
FNH:0
FNDA:0,(anonymous_6)
FNDA:0,(anonymous_7)
FNDA:0,checkExpression
FNDA:0,collectToStringCertainty
FNDA:0,(anonymous_10)
FNDA:0,(anonymous_11)
FNDA:0,(anonymous_12)
FNDA:0,(anonymous_13)
DA:1,0
DA:5,0
DA:7,0
DA:9,0
DA:10,0
DA:11,0
DA:12,0
DA:22,0
DA:57,0
DA:58,0
DA:59,0
DA:62,0
DA:63,0
DA:66,0
DA:72,0
DA:73,0
DA:76,0
DA:87,0
DA:88,0
DA:89,0
DA:90,0
DA:94,0
DA:98,0
DA:101,0
DA:102,0
DA:105,0
DA:108,0
DA:111,0
DA:114,0
DA:115,0
DA:116,0
DA:118,0
DA:119,0
DA:123,0
DA:126,0
DA:127,0
DA:130,0
DA:131,0
DA:133,0
DA:134,0
DA:136,0
DA:137,0
DA:140,0
DA:141,0
DA:145,0
DA:146,0
DA:149,0
DA:150,0
DA:153,0
DA:156,0
DA:160,0
DA:163,0
DA:167,0
DA:168,0
DA:169,0
DA:173,0
DA:179,0
DA:180,0
DA:183,0
DA:187,0
DA:189,0
DA:190,0
LF:62
LH:0
BRDA:9,0,0,0
BRDA:9,0,1,0
BRDA:59,1,0,0
BRDA:59,1,1,0
BRDA:59,2,0,0
BRDA:59,2,1,0
BRDA:62,3,0,0
BRDA:62,3,1,0
BRDA:67,4,0,0
BRDA:67,4,1,0
BRDA:67,5,0,0
BRDA:67,5,1,0
BRDA:72,6,0,0
BRDA:72,6,1,0
BRDA:88,7,0,0
BRDA:88,7,1,0
BRDA:88,8,0,0
BRDA:88,8,1,0
BRDA:89,9,0,0
BRDA:89,9,1,0
BRDA:89,10,0,0
BRDA:89,10,1,0
BRDA:89,10,2,0
BRDA:94,11,0,0
BRDA:94,11,1,0
BRDA:95,12,0,0
BRDA:95,12,1,0
BRDA:101,13,0,0
BRDA:101,13,1,0
BRDA:105,14,0,0
BRDA:105,14,1,0
BRDA:108,15,0,0
BRDA:108,15,1,0
BRDA:114,16,0,0
BRDA:114,16,1,0
BRDA:118,17,0,0
BRDA:118,17,1,0
BRDA:126,18,0,0
BRDA:126,18,1,0
BRDA:136,19,0,0
BRDA:136,19,1,0
BRDA:136,20,0,0
BRDA:136,20,1,0
BRDA:140,21,0,0
BRDA:140,21,1,0
BRDA:140,22,0,0
BRDA:140,22,1,0
BRDA:145,23,0,0
BRDA:145,23,1,0
BRDA:145,24,0,0
BRDA:145,24,1,0
BRDA:149,25,0,0
BRDA:149,25,1,0
BRDA:167,26,0,0
BRDA:167,26,1,0
BRDA:169,27,0,0
BRDA:169,27,1,0
BRDA:170,28,0,0
BRDA:170,28,1,0
BRDA:183,29,0,0
BRDA:183,29,1,0
BRDA:184,30,0,0
BRDA:184,30,1,0
BRF:63
BRH:0
end_of_record
TN:
SF:src/rules/no-confusing-non-null-assertion.ts
FN:34,(anonymous_6)
FN:37,(anonymous_7)
FN:40,isLeftHandPrimaryExpression
FN:68,(anonymous_9)
FN:81,(anonymous_10)
FNF:5
FNH:0
FNDA:0,(anonymous_6)
FNDA:0,(anonymous_7)
FNDA:0,isLeftHandPrimaryExpression
FNDA:0,(anonymous_9)
FNDA:0,(anonymous_10)
DA:1,0
DA:7,0
DA:9,0
DA:35,0
DA:36,0
DA:43,0
DA:46,0
DA:51,0
DA:52,0
DA:53,0
DA:54,0
DA:59,0
DA:60,0
DA:68,0
DA:75,0
DA:81,0
LF:16
LH:0
BRDA:46,0,0,0
BRDA:46,0,1,0
BRDA:47,1,0,0
BRDA:47,1,1,0
BRDA:47,1,2,0
BRDA:54,2,0,0
BRDA:54,2,1,0
BRDA:55,3,0,0
BRDA:55,3,1,0
BRDA:55,3,2,0
BRDA:55,4,0,0
BRDA:55,4,1,0
BRDA:55,5,0,0
BRDA:55,5,1,0
BRDA:56,6,0,0
BRDA:56,6,1,0
BRDA:56,7,0,0
BRDA:56,7,1,0
BRDA:57,8,0,0
BRDA:57,8,1,0
BRDA:57,9,0,0
BRDA:57,9,1,0
BRDA:59,10,0,0
BRDA:59,10,1,0
BRDA:62,11,0,0
BRDA:62,11,1,0
BRDA:65,12,0,0
BRDA:65,12,1,0
BRDA:77,13,0,0
BRDA:77,13,1,0
BRF:30
BRH:0
end_of_record
TN:
SF:src/rules/no-confusing-void-expression.ts
FN:77,(anonymous_6)
FN:79,(anonymous_7)
FN:101,(anonymous_8)
FN:124,(anonymous_9)
FN:166,(anonymous_10)
FN:183,(anonymous_11)
FN:225,findInvalidAncestor
FN:281,isFinalReturn
FN:324,isPreventingASI
FNF:9
FNH:0
FNDA:0,(anonymous_6)
FNDA:0,(anonymous_7)
FNDA:0,(anonymous_8)
FNDA:0,(anonymous_9)
FNDA:0,(anonymous_10)
FNDA:0,(anonymous_11)
FNDA:0,findInvalidAncestor
FNDA:0,isFinalReturn
FNDA:0,isPreventingASI
DA:1,0
DA:6,0
DA:7,0
DA:8,0
DA:27,0
DA:78,0
DA:85,0
DA:86,0
DA:87,0
DA:88,0
DA:89,0
DA:91,0
DA:94,0
DA:95,0
DA:97,0
DA:100,0
DA:101,0
DA:102,0
DA:103,0
DA:104,0
DA:107,0
DA:110,0
DA:112,0
DA:120,0
DA:121,0
DA:125,0
DA:126,0
DA:127,0
DA:128,0
DA:129,0
DA:133,0
DA:137,0
DA:142,0
DA:147,0
DA:150,0
DA:152,0
DA:159,0
DA:161,0
DA:163,0
DA:167,0
DA:168,0
DA:169,0
DA:170,0
DA:172,0
DA:174,0
DA:180,0
DA:184,0
DA:185,0
DA:186,0
DA:187,0
DA:189,0
DA:191,0
DA:194,0
DA:196,0
DA:202,0
DA:204,0
DA:210,0
DA:226,0
DA:231,0
DA:234,0
DA:237,0
DA:238,0
DA:241,0
DA:245,0
DA:246,0
DA:249,0
DA:253,0
DA:256,0
DA:257,0
DA:261,0
DA:262,0
DA:265,0
DA:266,0
DA:271,0
DA:273,0
DA:277,0
DA:283,0
DA:287,0
DA:289,0
DA:293,0
DA:297,0
DA:306,0
DA:310,0
DA:312,0
DA:315,0
DA:328,0
DA:333,0
LF:87
LH:0
BRDA:89,0,0,0
BRDA:89,0,1,0
BRDA:95,1,0,0
BRDA:95,1,1,0
BRDA:107,2,0,0
BRDA:107,2,1,0
BRDA:110,3,0,0
BRDA:110,3,1,0
BRDA:128,4,0,0
BRDA:128,4,1,0
BRDA:147,5,0,0
BRDA:147,5,1,0
BRDA:150,6,0,0
BRDA:150,6,1,0
BRDA:161,7,0,0
BRDA:161,7,1,0
BRDA:170,8,0,0
BRDA:170,8,1,0
BRDA:187,9,0,0
BRDA:187,9,1,0
BRDA:191,10,0,0
BRDA:191,10,1,0
BRDA:191,11,0,0
BRDA:191,11,1,0
BRDA:191,12,0,0
BRDA:191,12,1,0
BRDA:202,13,0,0
BRDA:202,13,1,0
BRDA:231,14,0,0
BRDA:231,14,1,0
BRDA:237,15,0,0
BRDA:237,15,1,0
BRDA:238,16,0,0
BRDA:238,16,1,0
BRDA:245,17,0,0
BRDA:245,17,1,0
BRDA:246,18,0,0
BRDA:246,18,1,0
BRDA:246,19,0,0
BRDA:246,19,1,0
BRDA:253,20,0,0
BRDA:253,20,1,0
BRDA:256,21,0,0
BRDA:256,21,1,0
BRDA:261,22,0,0
BRDA:261,22,1,0
BRDA:262,23,0,0
BRDA:262,23,1,0
BRDA:265,24,0,0
BRDA:265,24,1,0
BRDA:271,25,0,0
BRDA:271,25,1,0
BRDA:287,26,0,0
BRDA:287,26,1,0
BRDA:297,27,0,0
BRDA:297,27,1,0
BRDA:310,28,0,0
BRDA:310,28,1,0
BRF:58
BRH:0
end_of_record
TN:
SF:src/rules/no-dupe-class-members.ts
FN:27,(anonymous_6)
FN:30,wrapMemberDefinitionListener
FN:33,(anonymous_8)
FNF:3
FNH:0
FNDA:0,(anonymous_6)
FNDA:0,wrapMemberDefinitionListener
FNDA:0,(anonymous_8)
DA:1,0
DA:5,0
DA:6,0
DA:8,0
DA:13,0
DA:28,0
DA:33,0
DA:34,0
DA:35,0
DA:38,0
DA:42,0
DA:45,0
DA:49,0
LF:13
LH:0
BRDA:34,0,0,0
BRDA:34,0,1,0
BRDA:38,1,0,0
BRDA:38,1,1,0
BRDA:39,2,0,0
BRDA:39,2,1,0
BRDA:52,3,0,0
BRDA:52,3,1,0
BRDA:60,4,0,0
BRDA:60,4,1,0
BRF:10
BRH:0
end_of_record
TN:
SF:src/rules/no-duplicate-imports.ts
FN:37,(anonymous_6)
FN:43,report
FN:57,isAllMemberImport
FN:59,(anonymous_9)
FN:63,checkTypeImport
FN:86,checkTypeExport
FN:103,(anonymous_12)
FN:110,(anonymous_13)
FN:117,(anonymous_14)
FNF:9
FNH:0
FNDA:0,(anonymous_6)
FNDA:0,report
FNDA:0,isAllMemberImport
FNDA:0,(anonymous_9)
FNDA:0,checkTypeImport
FNDA:0,checkTypeExport
FNDA:0,(anonymous_12)
FNDA:0,(anonymous_13)
FNDA:0,(anonymous_14)
DA:1,0
DA:5,0
DA:6,0
DA:8,0
DA:13,0
DA:38,0
DA:39,0
DA:40,0
DA:41,0
DA:48,0
DA:58,0
DA:59,0
DA:64,0
DA:65,0
DA:66,0
DA:67,0
DA:72,0
DA:75,0
DA:76,0
DA:78,0
DA:79,0
DA:81,0
DA:89,0
DA:90,0
DA:91,0
DA:92,0
DA:94,0
DA:95,0
DA:97,0
DA:101,0
DA:104,0
DA:105,0
DA:106,0
DA:108,0
DA:111,0
DA:112,0
DA:113,0
DA:115,0
DA:118,0
DA:119,0
DA:120,0
DA:122,0
LF:42
LH:0
BRDA:64,0,0,0
BRDA:64,0,1,0
BRDA:67,1,0,0
BRDA:67,1,1,0
BRDA:68,2,0,0
BRDA:68,2,1,0
BRDA:75,3,0,0
BRDA:75,3,1,0
BRDA:75,4,0,0
BRDA:75,4,1,0
BRDA:78,5,0,0
BRDA:78,5,1,0
BRDA:89,6,0,0
BRDA:89,6,1,0
BRDA:91,7,0,0
BRDA:91,7,1,0
BRDA:94,8,0,0
BRDA:94,8,1,0
BRDA:94,9,0,0
BRDA:94,9,1,0
BRDA:104,10,0,0
BRDA:104,10,1,0
BRDA:111,11,0,0
BRDA:111,11,1,0
BRDA:111,12,0,0
BRDA:111,12,1,0
BRDA:115,13,0,0
BRDA:115,13,1,0
BRDA:115,14,0,0
BRDA:115,14,1,0
BRDA:118,15,0,0
BRDA:118,15,1,0
BRDA:118,16,0,0
BRDA:118,16,1,0
BRDA:122,17,0,0
BRDA:122,17,1,0
BRDA:122,18,0,0
BRDA:122,18,1,0
BRF:38
BRH:0
end_of_record
TN:
SF:src/rules/no-dynamic-delete.ts
FN:24,(anonymous_6)
FN:25,createFixer
FN:42,(anonymous_8)
FN:61,createPropertyReplacement
FN:65,(anonymous_10)
FN:69,getTokenRange
FN:80,diveIntoWrapperExpressions
FN:90,isNecessaryDynamicAccess
FNF:8
FNH:0
FNDA:0,(anonymous_6)
FNDA:0,createFixer
FNDA:0,(anonymous_8)
FNDA:0,createPropertyReplacement
FNDA:0,(anonymous_10)
FNDA:0,getTokenRange
FNDA:0,diveIntoWrapperExpressions
FNDA:0,isNecessaryDynamicAccess
DA:1,0
DA:6,0
DA:7,0
DA:9,0
DA:28,0
DA:32,0
DA:38,0
DA:41,0
DA:43,0
DA:50,0
DA:53,0
DA:65,0
DA:66,0
DA:70,0
DA:72,0
DA:83,0
DA:84,0
DA:87,0
DA:91,0
DA:92,0
DA:95,0
DA:96,0
DA:99,0
LF:23
LH:0
BRDA:28,0,0,0
BRDA:28,0,1,0
BRDA:29,1,0,0
BRDA:29,1,1,0
BRDA:43,2,0,0
BRDA:43,2,1,0
BRDA:44,3,0,0
BRDA:44,3,1,0
BRDA:44,3,2,0
BRDA:83,4,0,0
BRDA:83,4,1,0
BRDA:91,5,0,0
BRDA:91,5,1,0
BRDA:95,6,0,0
BRDA:95,6,1,0
BRDA:100,7,0,0
BRDA:100,7,1,0
BRF:17
BRH:0
end_of_record
TN:
SF:src/rules/no-empty-function.ts
FN:60,(anonymous_6)
FN:75,isBodyEmpty
FN:87,hasParameterProperties
FN:91,(anonymous_9)
FN:100,isAllowedEmptyConstructor
FN:129,isAllowedEmptyDecoratedFunctions
FN:145,(anonymous_12)
FN:155,(anonymous_13)
FNF:8
FNH:0
FNDA:0,(anonymous_6)
FNDA:0,isBodyEmpty
FNDA:0,hasParameterProperties
FNDA:0,(anonymous_9)
FNDA:0,isAllowedEmptyConstructor
FNDA:0,isAllowedEmptyDecoratedFunctions
FNDA:0,(anonymous_12)
FNDA:0,(anonymous_13)
DA:1,0
DA:5,0
DA:6,0
DA:8,0
DA:13,0
DA:42,0
DA:61,0
DA:63,0
DA:66,0
DA:67,0
DA:78,0
DA:90,0
DA:91,0
DA:103,0
DA:104,0
DA:109,0
DA:111,0
DA:121,0
DA:132,0
DA:134,0
DA:137,0
DA:140,0
DA:143,0
DA:146,0
DA:150,0
DA:153,0
DA:156,0
DA:157,0
DA:160,0
LF:29
LH:0
BRDA:14,0,0,0
BRDA:14,0,1,0
BRDA:60,1,0,0
BRDA:78,2,0,0
BRDA:78,2,1,0
BRDA:90,3,0,0
BRDA:90,3,1,0
BRDA:90,4,0,0
BRDA:90,4,1,0
BRDA:104,5,0,0
BRDA:104,5,1,0
BRDA:105,6,0,0
BRDA:105,6,1,0
BRDA:105,6,2,0
BRDA:106,7,0,0
BRDA:106,7,1,0
BRDA:106,8,0,0
BRDA:106,8,1,0
BRDA:113,9,0,0
BRDA:113,9,1,0
BRDA:113,9,2,0
BRDA:113,9,3,0
BRDA:113,9,4,0
BRDA:132,10,0,0
BRDA:132,10,1,0
BRDA:132,11,0,0
BRDA:132,11,1,0
BRDA:134,12,0,0
BRDA:134,12,1,0
BRDA:134,13,0,0
BRDA:134,13,1,0
BRDA:134,14,0,0
BRDA:134,14,1,0
BRDA:137,15,0,0
BRDA:137,15,1,0
BRDA:146,16,0,0
BRDA:146,16,1,0
BRDA:147,17,0,0
BRDA:147,17,1,0
BRDA:156,18,0,0
BRDA:156,18,1,0
BRF:41
BRH:0
end_of_record
TN:
SF:src/rules/no-empty-interface.ts
FN:44,(anonymous_6)
FN:46,(anonymous_7)
FN:64,(anonymous_8)
FNF:3
FNH:0
FNDA:0,(anonymous_6)
FNDA:0,(anonymous_7)
FNDA:0,(anonymous_8)
DA:1,0
DA:11,0
DA:45,0
DA:47,0
DA:48,0
DA:50,0
DA:52,0
DA:55,0
DA:56,0
DA:57,0
DA:61,0
DA:63,0
DA:64,0
DA:65,0
DA:66,0
DA:67,0
DA:69,0
DA:78,0
DA:79,0
DA:80,0
DA:81,0
DA:82,0
DA:86,0
LF:23
LH:0
BRDA:50,0,0,0
BRDA:50,0,1,0
BRDA:56,1,0,0
BRDA:56,1,1,0
BRDA:56,2,0,0
BRDA:56,2,1,0
BRDA:61,3,0,0
BRDA:61,3,1,0
BRDA:63,4,0,0
BRDA:63,4,1,0
BRDA:66,5,0,0
BRDA:66,5,1,0
BRDA:79,6,0,0
BRDA:79,6,1,0
BRDA:81,7,0,0
BRDA:81,7,1,0
BRDA:81,8,0,0
BRDA:81,8,1,0
BRDA:89,9,0,0
BRDA:89,9,1,0
BRF:20
BRH:0
end_of_record
TN:
SF:src/rules/no-explicit-any.ts
FN:55,(anonymous_6)
FN:62,isNodeValidFunction
FN:83,isNodeRestElementInFunction
FN:97,isNodeReadonlyTSTypeOperator
FN:110,isNodeValidArrayTSTypeReference
FN:125,isNodeValidTSType
FN:138,isGreatGrandparentRestElement
FN:151,isGreatGreatGrandparentRestElement
FN:165,isNodeDescendantOfRestElementInFunction
FN:175,(anonymous_15)
FN:188,(anonymous_16)
FN:194,(anonymous_17)
FN:202,(anonymous_18)
FNF:13
FNH:0
FNDA:0,(anonymous_6)
FNDA:0,isNodeValidFunction
FNDA:0,isNodeRestElementInFunction
FNDA:0,isNodeReadonlyTSTypeOperator
FNDA:0,isNodeValidArrayTSTypeReference
FNDA:0,isNodeValidTSType
FNDA:0,isGreatGrandparentRestElement
FNDA:0,isGreatGreatGrandparentRestElement
FNDA:0,isNodeDescendantOfRestElementInFunction
FNDA:0,(anonymous_15)
FNDA:0,(anonymous_16)
FNDA:0,(anonymous_17)
FNDA:0,(anonymous_18)
DA:1,0
DA:6,0
DA:16,0
DA:63,0
DA:84,0
DA:98,0
DA:111,0
DA:126,0
DA:139,0
DA:152,0
DA:168,0
DA:174,0
DA:176,0
DA:177,0
DA:183,0
DA:189,0
DA:195,0
DA:201,0
DA:202,0
DA:203,0
DA:206,0
LF:21
LH:0
BRDA:85,0,0,0
BRDA:85,0,1,0
BRDA:85,0,2,0
BRDA:99,1,0,0
BRDA:99,1,1,0
BRDA:112,2,0,0
BRDA:112,2,1,0
BRDA:112,2,2,0
BRDA:112,2,3,0
BRDA:127,3,0,0
BRDA:127,3,1,0
BRDA:140,4,0,0
BRDA:140,4,1,0
BRDA:140,5,0,0
BRDA:140,5,1,0
BRDA:140,6,0,0
BRDA:140,6,1,0
BRDA:140,7,0,0
BRDA:140,7,1,0
BRDA:140,8,0,0
BRDA:140,8,1,0
BRDA:140,9,0,0
BRDA:140,9,1,0
BRDA:140,10,0,0
BRDA:140,10,1,0
BRDA:153,11,0,0
BRDA:153,11,1,0
BRDA:153,11,2,0
BRDA:153,12,0,0
BRDA:153,12,1,0
BRDA:153,13,0,0
BRDA:153,13,1,0
BRDA:153,14,0,0
BRDA:153,14,1,0
BRDA:153,15,0,0
BRDA:153,15,1,0
BRDA:153,16,0,0
BRDA:153,16,1,0
BRDA:153,17,0,0
BRDA:153,17,1,0
BRDA:169,18,0,0
BRDA:169,18,1,0
BRDA:176,19,0,0
BRDA:176,19,1,0
BRDA:176,20,0,0
BRDA:176,20,1,0
BRDA:201,21,0,0
BRDA:201,21,1,0
BRF:48
BRH:0
end_of_record
TN:
SF:src/rules/no-extra-non-null-assertion.ts
FN:19,(anonymous_6)
FN:20,checkExtraNonNullAssertion
FN:26,(anonymous_8)
FNF:3
FNH:0
FNDA:0,(anonymous_6)
FNDA:0,checkExtraNonNullAssertion
FNDA:0,(anonymous_8)
DA:2,0
DA:4,0
DA:23,0
DA:27,0
DA:32,0
LF:5
LH:0
BRF:0
BRH:0
end_of_record
TN:
SF:src/rules/no-extra-parens.ts
FN:32,(anonymous_6)
FN:35,binaryExp
FN:67,callExp
FN:86,(anonymous_9)
FN:102,unaryUpdateExpression
FN:123,(anonymous_11)
FN:134,(anonymous_12)
FN:168,(anonymous_13)
FN:191,(anonymous_14)
FN:198,(anonymous_15)
FN:216,(anonymous_16)
FN:221,(anonymous_17)
FN:227,(anonymous_18)
FN:237,(anonymous_19)
FN:244,(anonymous_20)
FN:253,(anonymous_21)
FN:269,(anonymous_22)
FNF:17
FNH:0
FNDA:0,(anonymous_6)
FNDA:0,binaryExp
FNDA:0,callExp
FNDA:0,(anonymous_9)
FNDA:0,unaryUpdateExpression
FNDA:0,(anonymous_11)
FNDA:0,(anonymous_12)
FNDA:0,(anonymous_13)
FNDA:0,(anonymous_14)
FNDA:0,(anonymous_15)
FNDA:0,(anonymous_16)
FNDA:0,(anonymous_17)
FNDA:0,(anonymous_18)
FNDA:0,(anonymous_19)
FNDA:0,(anonymous_20)
FNDA:0,(anonymous_21)
FNDA:0,(anonymous_22)
DA:4,0
DA:9,0
DA:10,0
DA:12,0
DA:17,0
DA:33,0
DA:38,0
DA:41,0
DA:42,0
DA:43,0
DA:44,0
DA:46,0
DA:47,0
DA:55,0
DA:56,0
DA:65,0
DA:70,0
DA:72,0
DA:74,0
DA:83,0
DA:86,0
DA:89,0
DA:100,0
DA:105,0
DA:107,0
DA:109,0
DA:118,0
DA:121,0
DA:124,0
DA:125,0
DA:136,0
DA:137,0
DA:145,0
DA:146,0
DA:154,0
DA:156,0
DA:164,0
DA:170,0
DA:171,0
DA:176,0
DA:177,0
DA:182,0
DA:183,0
DA:189,0
DA:192,0
DA:193,0
DA:199,0
DA:201,0
DA:210,0
DA:217,0
DA:218,0
DA:222,0
DA:223,0
DA:228,0
DA:229,0
DA:238,0
DA:239,0
DA:243,0
DA:244,0
DA:245,0
DA:248,0
DA:251,0
DA:253,0
DA:254,0
DA:256,0
DA:266,0
DA:269,0
DA:272,0
DA:274,0
DA:284,0
DA:287,0
LF:71
LH:0
BRDA:43,0,0,0
BRDA:43,0,1,0
BRDA:43,1,0,0
BRDA:43,1,1,0
BRDA:46,2,0,0
BRDA:46,2,1,0
BRDA:55,3,0,0
BRDA:55,3,1,0
BRDA:72,4,0,0
BRDA:72,4,1,0
BRDA:83,5,0,0
BRDA:83,5,1,0
BRDA:84,6,0,0
BRDA:84,6,1,0
BRDA:85,7,0,0
BRDA:85,7,1,0
BRDA:85,8,0,0
BRDA:85,8,1,0
BRDA:107,9,0,0
BRDA:107,9,1,0
BRDA:124,10,0,0
BRDA:124,10,1,0
BRDA:136,11,0,0
BRDA:136,11,1,0
BRDA:145,12,0,0
BRDA:145,12,1,0
BRDA:154,13,0,0
BRDA:154,13,1,0
BRDA:170,14,0,0
BRDA:170,14,1,0
BRDA:170,15,0,0
BRDA:170,15,1,0
BRDA:176,16,0,0
BRDA:176,16,1,0
BRDA:176,17,0,0
BRDA:176,17,1,0
BRDA:182,18,0,0
BRDA:182,18,1,0
BRDA:182,19,0,0
BRDA:182,19,1,0
BRDA:192,20,0,0
BRDA:192,20,1,0
BRDA:199,21,0,0
BRDA:199,21,1,0
BRDA:217,22,0,0
BRDA:217,22,1,0
BRDA:222,23,0,0
BRDA:222,23,1,0
BRDA:222,24,0,0
BRDA:222,24,1,0
BRDA:228,25,0,0
BRDA:228,25,1,0
BRDA:228,26,0,0
BRDA:228,26,1,0
BRDA:238,27,0,0
BRDA:238,27,1,0
BRDA:238,28,0,0
BRDA:238,28,1,0
BRDA:243,29,0,0
BRDA:243,29,1,0
BRDA:243,30,0,0
BRDA:243,30,1,0
BRDA:245,31,0,0
BRDA:245,31,1,0
BRDA:254,32,0,0
BRDA:254,32,1,0
BRDA:272,33,0,0
BRDA:272,33,1,0
BRF:68
BRH:0
end_of_record
TN:
SF:src/rules/no-extra-semi.ts
FN:24,(anonymous_6)
FN:29,(anonymous_7)
FNF:2
FNH:0
FNDA:0,(anonymous_6)
FNDA:0,(anonymous_7)
DA:1,0
DA:2,0
DA:4,0
DA:9,0
DA:25,0
DA:27,0
DA:32,0
DA:34,0
DA:37,0
LF:9
LH:0
BRDA:32,0,0,0
BRDA:32,0,1,0
BRDA:37,1,0,0
BRDA:37,1,1,0
BRDA:37,2,0,0
BRDA:37,2,1,0
BRF:6
BRH:0
end_of_record
TN:
SF:src/rules/no-extraneous-class.ts
FN:59,(anonymous_6)
FN:63,(anonymous_7)
FN:75,(anonymous_8)
FN:106,(anonymous_9)
FNF:4
FNH:0
FNDA:0,(anonymous_6)
FNDA:0,(anonymous_7)
FNDA:0,(anonymous_8)
FNDA:0,(anonymous_9)
DA:1,0
DA:5,0
DA:17,0
DA:63,0
DA:66,0
DA:74,0
DA:76,0
DA:81,0
DA:82,0
DA:85,0
DA:86,0
DA:87,0
DA:88,0
DA:91,0
DA:96,0
DA:99,0
DA:100,0
DA:102,0
DA:103,0
DA:104,0
DA:106,0
DA:109,0
DA:110,0
DA:113,0
DA:114,0
DA:115,0
DA:118,0
DA:119,0
DA:123,0
DA:124,0
DA:125,0
DA:130,0
DA:132,0
DA:133,0
LF:34
LH:0
BRDA:67,0,0,0
BRDA:67,0,1,0
BRDA:67,0,2,0
BRDA:67,0,3,0
BRDA:81,1,0,0
BRDA:81,1,1,0
BRDA:81,2,0,0
BRDA:81,2,1,0
BRDA:81,2,2,0
BRDA:85,3,0,0
BRDA:85,3,1,0
BRDA:85,4,0,0
BRDA:85,4,1,0
BRDA:86,5,0,0
BRDA:86,5,1,0
BRDA:87,6,0,0
BRDA:87,6,1,0
BRDA:103,7,0,0
BRDA:103,7,1,0
BRDA:103,8,0,0
BRDA:103,8,1,0
BRDA:104,9,0,0
BRDA:104,9,1,0
BRDA:114,10,0,0
BRDA:114,10,1,0
BRDA:114,11,0,0
BRDA:114,11,1,0
BRDA:118,12,0,0
BRDA:118,12,1,0
BRDA:118,13,0,0
BRDA:118,13,1,0
BRDA:123,14,0,0
BRDA:123,14,1,0
BRDA:124,15,0,0
BRDA:124,15,1,0
BRDA:132,16,0,0
BRDA:132,16,1,0
BRDA:132,17,0,0
BRDA:132,17,1,0
BRF:39
BRH:0
end_of_record
TN:
SF:src/rules/no-floating-promises.ts
FN:57,(anonymous_6)
FN:63,(anonymous_7)
FN:82,(anonymous_8)
FN:100,isAsyncIife
FN:113,isUnhandledPromise
FN:122,(anonymous_11)
FN:180,isPromiseLike
FN:192,(anonymous_13)
FN:204,hasMatchingSignature
FN:217,isFunctionParam
FN:233,isPromiseCatchCallWithHandler
FN:244,isPromiseThenCallWithRejectionHandler
FN:255,isPromiseFinallyCallWithHandler
FNF:13
FNH:0
FNDA:0,(anonymous_6)
FNDA:0,(anonymous_7)
FNDA:0,(anonymous_8)
FNDA:0,isAsyncIife
FNDA:0,isUnhandledPromise
FNDA:0,(anonymous_11)
FNDA:0,isPromiseLike
FNDA:0,(anonymous_13)
FNDA:0,hasMatchingSignature
FNDA:0,isFunctionParam
FNDA:0,isPromiseCatchCallWithHandler
FNDA:0,isPromiseThenCallWithRejectionHandler
FNDA:0,isPromiseFinallyCallWithHandler
DA:1,0
DA:3,0
DA:9,0
DA:20,0
DA:58,0
DA:59,0
DA:60,0
DA:62,0
DA:64,0
DA:65,0
DA:68,0
DA:70,0
DA:71,0
DA:74,0
DA:75,0
DA:76,0
DA:83,0
DA:84,0
DA:85,0
DA:91,0
DA:101,0
DA:102,0
DA:105,0
DA:118,0
DA:122,0
DA:125,0
DA:132,0
DA:136,0
DA:139,0
DA:142,0
DA:145,0
DA:150,0
DA:153,0
DA:157,0
DA:165,0
DA:171,0
DA:181,0
DA:182,0
DA:183,0
DA:184,0
DA:185,0
DA:188,0
DA:189,0
DA:193,0
DA:198,0
DA:201,0
DA:208,0
DA:209,0
DA:210,0
DA:214,0
DA:222,0
DA:225,0
DA:226,0
DA:227,0
DA:230,0
DA:236,0
DA:247,0
DA:258,0
LF:58
LH:0
BRDA:64,0,0,0
BRDA:64,0,1,0
BRDA:64,1,0,0
BRDA:64,1,1,0
BRDA:70,2,0,0
BRDA:70,2,1,0
BRDA:74,3,0,0
BRDA:74,3,1,0
BRDA:75,4,0,0
BRDA:75,4,1,0
BRDA:101,5,0,0
BRDA:101,5,1,0
BRDA:106,6,0,0
BRDA:106,6,1,0
BRDA:106,6,2,0
BRDA:118,7,0,0
BRDA:118,7,1,0
BRDA:125,8,0,0
BRDA:125,8,1,0
BRDA:126,9,0,0
BRDA:126,9,1,0
BRDA:126,9,2,0
BRDA:136,10,0,0
BRDA:136,10,1,0
BRDA:142,11,0,0
BRDA:142,11,1,0
BRDA:146,12,0,0
BRDA:146,12,1,0
BRDA:146,12,2,0
BRDA:150,13,0,0
BRDA:150,13,1,0
BRDA:154,14,0,0
BRDA:154,14,1,0
BRDA:157,15,0,0
BRDA:157,15,1,0
BRDA:158,16,0,0
BRDA:158,16,1,0
BRDA:158,16,2,0
BRDA:184,17,0,0
BRDA:184,17,1,0
BRDA:189,18,0,0
BRDA:189,18,1,0
BRDA:193,19,0,0
BRDA:193,19,1,0
BRDA:193,19,2,0
BRDA:209,20,0,0
BRDA:209,20,1,0
BRDA:226,21,0,0
BRDA:226,21,1,0
BRDA:237,22,0,0
BRDA:237,22,1,0
BRDA:237,22,2,0
BRDA:237,22,3,0
BRDA:248,23,0,0
BRDA:248,23,1,0
BRDA:248,23,2,0
BRDA:248,23,3,0
BRDA:259,24,0,0
BRDA:259,24,1,0
BRDA:259,24,2,0
BRDA:259,24,3,0
BRF:61
BRH:0
end_of_record
TN:
SF:src/rules/no-for-in-array.ts
FN:20,(anonymous_6)
FN:22,(anonymous_7)
FNF:2
FNH:0
FNDA:0,(anonymous_6)
FNDA:0,(anonymous_7)
DA:1,0
DA:2,0
DA:4,0
DA:21,0
DA:23,0
DA:24,0
DA:25,0
DA:27,0
DA:32,0
DA:36,0
LF:10
LH:0
BRDA:32,0,0,0
BRDA:32,0,1,0
BRDA:33,1,0,0
BRDA:33,1,1,0
BRF:4
BRH:0
end_of_record
TN:
SF:src/rules/no-implicit-any-catch.ts
FN:52,(anonymous_6)
FN:54,(anonymous_7)
FN:66,(anonymous_8)
FN:83,(anonymous_9)
FNF:4
FNH:0
FNDA:0,(anonymous_6)
FNDA:0,(anonymous_7)
FNDA:0,(anonymous_8)
FNDA:0,(anonymous_9)
DA:1,0
DA:2,0
DA:17,0
DA:53,0
DA:55,0
DA:56,0
DA:59,0
DA:60,0
DA:67,0
DA:72,0
DA:77,0
DA:84,0
LF:12
LH:0
BRDA:55,0,0,0
BRDA:55,0,1,0
BRDA:59,1,0,0
BRDA:59,1,1,0
BRDA:72,2,0,0
BRDA:72,2,1,0
BRDA:73,3,0,0
BRDA:73,3,1,0
BRF:8
BRH:0
end_of_record
TN:
SF:src/rules/no-implied-eval.ts
FN:36,(anonymous_6)
FN:41,getCalleeName
FN:68,isFunctionType
FN:101,isBind
FN:107,isFunction
FN:126,isReferenceToGlobalFunction
FN:129,(anonymous_12)
FN:135,checkImpliedEval
FNF:8
FNH:0
FNDA:0,(anonymous_6)
FNDA:0,getCalleeName
FNDA:0,isFunctionType
FNDA:0,isBind
FNDA:0,isFunction
FNDA:0,isReferenceToGlobalFunction
FNDA:0,(anonymous_12)
FNDA:0,checkImpliedEval
DA:1,0
DA:2,0
DA:6,0
DA:7,0
DA:9,0
DA:10,0
DA:11,0
DA:18,0
DA:37,0
DA:38,0
DA:39,0
DA:44,0
DA:45,0
DA:48,0
DA:53,0
DA:54,0
DA:57,0
DA:61,0
DA:65,0
DA:69,0
DA:70,0
DA:71,0
DA:73,0
DA:80,0
DA:83,0
DA:84,0
DA:85,0
DA:86,0
DA:87,0
DA:88,0
DA:93,0
DA:98,0
DA:102,0
DA:108,0
DA:112,0
DA:116,0
DA:119,0
DA:122,0
DA:127,0
DA:129,0
DA:132,0
DA:138,0
DA:139,0
DA:141,0
DA:142,0
DA:143,0
DA:146,0
DA:147,0
DA:148,0
DA:149,0
DA:150,0
DA:151,0
DA:152,0
DA:153,0
DA:154,0
DA:158,0
DA:159,0
DA:163,0
DA:164,0
DA:167,0
DA:168,0
DA:173,0
DA:177,0
LF:63
LH:0
BRDA:44,0,0,0
BRDA:44,0,1,0
BRDA:48,1,0,0
BRDA:48,1,1,0
BRDA:49,2,0,0
BRDA:49,2,1,0
BRDA:49,2,2,0
BRDA:53,3,0,0
BRDA:53,3,1,0
BRDA:57,4,0,0
BRDA:57,4,1,0
BRDA:58,5,0,0
BRDA:58,5,1,0
BRDA:73,6,0,0
BRDA:73,6,1,0
BRDA:74,7,0,0
BRDA:74,7,1,0
BRDA:83,8,0,0
BRDA:83,8,1,0
BRDA:83,9,0,0
BRDA:83,9,1,0
BRDA:84,10,0,0
BRDA:84,10,1,0
BRDA:84,11,0,0
BRDA:84,11,1,0
BRDA:87,12,0,0
BRDA:87,12,1,0
BRDA:102,13,0,0
BRDA:102,13,1,0
BRDA:104,14,0,0
BRDA:104,14,1,0
BRDA:108,15,0,0
BRDA:108,15,1,0
BRDA:108,15,2,0
BRDA:108,15,3,0
BRDA:108,15,4,0
BRDA:108,15,5,0
BRDA:108,15,6,0
BRDA:119,16,0,0
BRDA:119,16,1,0
BRDA:132,17,0,0
BRDA:132,17,1,0
BRDA:132,18,0,0
BRDA:132,18,1,0
BRDA:132,19,0,0
BRDA:132,19,1,0
BRDA:142,20,0,0
BRDA:142,20,1,0
BRDA:146,21,0,0
BRDA:146,21,1,0
BRDA:148,22,0,0
BRDA:148,22,1,0
BRDA:149,23,0,0
BRDA:149,23,1,0
BRDA:149,24,0,0
BRDA:149,24,1,0
BRDA:152,25,0,0
BRDA:152,25,1,0
BRDA:163,26,0,0
BRDA:163,26,1,0
BRDA:168,27,0,0
BRDA:168,27,1,0
BRDA:169,28,0,0
BRDA:169,28,1,0
BRDA:169,28,2,0
BRF:65
BRH:0
end_of_record
TN:
SF:src/rules/no-inferrable-types.ts
FN:51,(anonymous_6)
FN:52,isFunctionCall
FN:66,isLiteral
FN:71,isIdentifier
FN:79,hasUnaryPrefix
FN:111,isInferrable
FN:193,reportInferrableType
FN:221,(anonymous_13)
FN:225,inferrableVariableVisitor
FN:234,inferrableParameterVisitor
FN:245,(anonymous_16)
FN:250,(anonymous_17)
FN:255,inferrablePropertyVisitor
FNF:13
FNH:0
FNDA:0,(anonymous_6)
FNDA:0,isFunctionCall
FNDA:0,isLiteral
FNDA:0,isIdentifier
FNDA:0,hasUnaryPrefix
FNDA:0,isInferrable
FNDA:0,reportInferrableType
FNDA:0,(anonymous_13)
FNDA:0,inferrableVariableVisitor
FNDA:0,inferrableParameterVisitor
FNDA:0,(anonymous_16)
FNDA:0,(anonymous_17)
FNDA:0,inferrablePropertyVisitor
DA:2,0
DA:6,0
DA:16,0
DA:56,0
DA:57,0
DA:60,0
DA:67,0
DA:75,0
DA:83,0
DA:98,0
DA:115,0
DA:118,0
DA:122,0
DA:130,0
DA:137,0
DA:141,0
DA:149,0
DA:152,0
DA:159,0
DA:162,0
DA:167,0
DA:170,0
DA:173,0
DA:175,0
DA:178,0
DA:182,0
DA:187,0
DA:201,0
DA:202,0
DA:205,0
DA:206,0
DA:210,0
DA:215,0
DA:221,0
DA:228,0
DA:229,0
DA:231,0
DA:240,0
DA:241,0
DA:244,0
DA:246,0
DA:251,0
DA:262,0
DA:263,0
DA:265,0
DA:268,0
LF:46
LH:0
BRDA:56,0,0,0
BRDA:56,0,1,0
BRDA:61,1,0,0
BRDA:61,1,1,0
BRDA:61,1,2,0
BRDA:68,2,0,0
BRDA:68,2,1,0
BRDA:76,3,0,0
BRDA:76,3,1,0
BRDA:84,4,0,0
BRDA:84,4,1,0
BRDA:115,5,0,0
BRDA:115,5,1,0
BRDA:115,5,2,0
BRDA:115,5,3,0
BRDA:115,5,4,0
BRDA:115,5,5,0
BRDA:115,5,6,0
BRDA:115,5,7,0
BRDA:118,6,0,0
BRDA:118,6,1,0
BRDA:123,7,0,0
BRDA:123,7,1,0
BRDA:123,7,2,0
BRDA:131,8,0,0
BRDA:131,8,1,0
BRDA:131,8,2,0
BRDA:137,9,0,0
BRDA:137,9,1,0
BRDA:142,10,0,0
BRDA:142,10,1,0
BRDA:142,10,2,0
BRDA:149,11,0,0
BRDA:149,11,1,0
BRDA:153,12,0,0
BRDA:153,12,1,0
BRDA:153,12,2,0
BRDA:162,13,0,0
BRDA:162,13,1,0
BRDA:163,14,0,0
BRDA:163,14,1,0
BRDA:167,15,0,0
BRDA:167,15,1,0
BRDA:170,16,0,0
BRDA:170,16,1,0
BRDA:170,16,2,0
BRDA:175,17,0,0
BRDA:175,17,1,0
BRDA:175,17,2,0
BRDA:183,18,0,0
BRDA:183,18,1,0
BRDA:201,19,0,0
BRDA:201,19,1,0
BRDA:201,20,0,0
BRDA:201,20,1,0
BRDA:201,20,2,0
BRDA:205,21,0,0
BRDA:205,21,1,0
BRDA:210,22,0,0
BRDA:210,22,1,0
BRDA:228,23,0,0
BRDA:228,23,1,0
BRDA:240,24,0,0
BRDA:240,24,1,0
BRDA:240,25,0,0
BRDA:240,25,1,0
BRDA:246,26,0,0
BRDA:246,26,1,0
BRDA:246,26,2,0
BRDA:262,27,0,0
BRDA:262,27,1,0
BRDA:262,28,0,0
BRDA:262,28,1,0
BRDA:262,28,2,0
BRF:74
BRH:0
end_of_record
TN:
SF:src/rules/no-invalid-this.ts
FN:35,(anonymous_0)
FN:56,(anonymous_1)
FN:59,(anonymous_2)
FN:62,(anonymous_3)
FN:65,(anonymous_4)
FN:72,(anonymous_5)
FN:77,(anonymous_6)
FN:80,(anonymous_7)
FN:87,(anonymous_8)
FN:92,(anonymous_9)
FNF:10
FNH:0
FNDA:0,(anonymous_0)
FNDA:0,(anonymous_1)
FNDA:0,(anonymous_2)
FNDA:0,(anonymous_3)
FNDA:0,(anonymous_4)
FNDA:0,(anonymous_5)
FNDA:0,(anonymous_6)
FNDA:0,(anonymous_7)
FNDA:0,(anonymous_8)
FNDA:0,(anonymous_9)
DA:1,0
DA:5,0
DA:6,0
DA:12,0
DA:17,0
DA:36,0
DA:52,0
DA:54,0
DA:57,0
DA:60,0
DA:63,0
DA:66,0
DA:70,0
DA:73,0
DA:75,0
DA:78,0
DA:81,0
DA:85,0
DA:88,0
DA:90,0
DA:93,0
DA:95,0
DA:96,0
DA:100,0
LF:24
LH:0
BRDA:28,0,0,0
BRDA:28,0,1,0
BRDA:28,1,0,0
BRDA:28,1,1,0
BRDA:66,2,0,0
BRDA:66,2,1,0
BRDA:81,3,0,0
BRDA:81,3,1,0
BRDA:95,4,0,0
BRDA:95,4,1,0
BRF:10
BRH:0
[...]
DA:547,0
DA:548,0
DA:549,0
DA:550,0
DA:553,0
DA:554,0
DA:557,0
DA:560,0
DA:563,0
DA:564,0
DA:565,0
DA:566,0
DA:567,0
DA:568,0
DA:574,0
DA:575,0
DA:578,0
DA:584,0
DA:586,0
DA:622,0
DA:623,0
DA:624,0
DA:625,0
DA:627,0
DA:630,0
DA:647,0
DA:648,0
DA:650,0
DA:651,0
DA:653,0
DA:654,0
DA:656,0
DA:660,0
DA:665,0
DA:668,0
DA:676,0
DA:680,0
DA:681,0
DA:684,0
DA:687,0
DA:689,0
DA:696,0
DA:697,0
DA:698,0
DA:700,0
DA:714,0
DA:715,0
DA:717,0
DA:718,0
DA:720,0
DA:721,0
DA:723,0
DA:725,0
DA:726,0
DA:728,0
DA:730,0
DA:755,0
DA:758,0
LF:217
LH:0
BRDA:42,0,0,0
BRDA:42,0,1,0
BRDA:58,1,0,0
BRDA:61,2,0,0
BRDA:61,2,1,0
BRDA:63,3,0,0
BRDA:63,3,1,0
BRDA:63,3,2,0
BRDA:63,3,3,0
BRDA:63,3,4,0
BRDA:63,3,5,0
BRDA:100,4,0,0
BRDA:100,4,1,0
BRDA:101,5,0,0
BRDA:101,5,1,0
BRDA:124,6,0,0
BRDA:124,6,1,0
BRDA:125,7,0,0
BRDA:125,7,1,0
BRDA:134,8,0,0
BRDA:134,8,1,0
BRDA:148,9,0,0
BRDA:148,9,1,0
BRDA:163,10,0,0
BRDA:163,10,1,0
BRDA:176,11,0,0
BRDA:176,11,1,0
BRDA:176,12,0,0
BRDA:176,12,1,0
BRDA:176,13,0,0
BRDA:176,13,1,0
BRDA:203,14,0,0
BRDA:203,14,1,0
BRDA:245,15,0,0
BRDA:245,15,1,0
BRDA:247,16,0,0
BRDA:247,16,1,0
BRDA:252,17,0,0
BRDA:252,17,1,0
BRDA:256,18,0,0
BRDA:256,18,1,0
BRDA:261,19,0,0
BRDA:261,19,1,0
BRDA:262,20,0,0
BRDA:262,20,1,0
BRDA:268,21,0,0
BRDA:268,21,1,0
BRDA:277,22,0,0
BRDA:277,22,1,0
BRDA:278,23,0,0
BRDA:278,23,1,0
BRDA:282,24,0,0
BRDA:282,24,1,0
BRDA:282,25,0,0
BRDA:282,25,1,0
BRDA:323,26,0,0
BRDA:323,26,1,0
BRDA:330,27,0,0
BRDA:330,27,1,0
BRDA:332,28,0,0
BRDA:332,28,1,0
BRDA:342,29,0,0
BRDA:342,29,1,0
BRDA:359,30,0,0
BRDA:359,30,1,0
BRDA:376,31,0,0
BRDA:376,31,1,0
BRDA:404,32,0,0
BRDA:404,32,1,0
BRDA:408,33,0,0
BRDA:408,33,1,0
BRDA:409,34,0,0
BRDA:409,34,1,0
BRDA:409,34,2,0
BRDA:410,35,0,0
BRDA:410,35,1,0
BRDA:410,36,0,0
BRDA:410,36,1,0
BRDA:411,37,0,0
BRDA:411,37,1,0
BRDA:411,38,0,0
BRDA:411,38,1,0
BRDA:428,39,0,0
BRDA:428,39,1,0
BRDA:431,40,0,0
BRDA:431,40,1,0
BRDA:433,41,0,0
BRDA:433,41,1,0
BRDA:460,42,0,0
BRDA:460,42,1,0
BRDA:465,43,0,0
BRDA:465,43,1,0
BRDA:466,44,0,0
BRDA:466,44,1,0
BRDA:466,44,2,0
BRDA:467,45,0,0
BRDA:467,45,1,0
BRDA:467,46,0,0
BRDA:467,46,1,0
BRDA:468,47,0,0
BRDA:468,47,1,0
BRDA:468,48,0,0
BRDA:468,48,1,0
BRDA:482,49,0,0
BRDA:482,49,1,0
BRDA:483,50,0,0
BRDA:483,50,1,0
BRDA:499,51,0,0
BRDA:499,51,1,0
BRDA:515,52,0,0
BRDA:515,52,1,0
BRDA:549,53,0,0
BRDA:549,53,1,0
BRDA:553,54,0,0
BRDA:553,54,1,0
BRDA:568,55,0,0
BRDA:568,55,1,0
BRDA:574,56,0,0
BRDA:574,56,1,0
BRDA:574,57,0,0
BRDA:574,57,1,0
BRDA:578,58,0,0
BRDA:578,58,1,0
BRDA:579,59,0,0
BRDA:579,59,1,0
BRDA:579,59,2,0
BRDA:579,59,3,0
BRDA:624,60,0,0
BRDA:624,60,1,0
BRDA:650,61,0,0
BRDA:650,61,1,0
BRDA:651,62,0,0
BRDA:651,62,1,0
BRDA:651,62,2,0
BRDA:651,62,3,0
BRDA:651,62,4,0
BRDA:651,62,5,0
BRDA:651,62,6,0
BRDA:653,63,0,0
BRDA:653,63,1,0
BRDA:668,64,0,0
BRDA:668,64,1,0
BRDA:669,65,0,0
BRDA:669,65,1,0
BRDA:690,66,0,0
BRDA:690,66,1,0
BRDA:690,66,2,0
BRDA:701,67,0,0
BRDA:701,67,1,0
BRDA:701,67,2,0
BRDA:701,67,3,0
BRDA:701,67,4,0
BRDA:701,67,5,0
BRDA:701,67,6,0
BRDA:701,67,7,0
BRDA:701,67,8,0
BRDA:731,68,0,0
BRDA:731,68,1,0
BRDA:731,68,2,0
BRDA:731,68,3,0
BRDA:731,68,4,0
BRDA:733,69,0,0
BRDA:733,69,1,0
BRDA:734,70,0,0
BRDA:734,70,1,0
BRDA:735,71,0,0
BRDA:735,71,1,0
BRF:167
BRH:0
end_of_record
TN:
SF:src/util/createRule.ts
FN:8,(anonymous_0)
FNF:1
FNH:0
FNDA:0,(anonymous_0)
DA:1,0
DA:5,0
DA:7,0
DA:9,0
LF:4
LH:0
BRF:0
BRH:0
end_of_record
TN:
SF:src/util/escapeRegExp.ts
FN:8,escapeRegExp
FNF:1
FNH:0
FNDA:0,escapeRegExp
DA:5,0
DA:6,0
DA:8,0
DA:9,0
LF:4
LH:0
BRDA:8,0,0,0
BRDA:9,1,0,0
BRDA:9,1,1,0
BRDA:9,2,0,0
BRDA:9,2,1,0
BRF:5
BRH:0
end_of_record
TN:
SF:src/util/explicitReturnTypeUtils.ts
FN:21,isVariableDeclaratorWithTypeAnnotation
FN:35,isPropertyDefinitionWithTypeAnnotation
FN:50,isConstructorArgument
FN:65,isPropertyOfObjectWithType
FN:104,doesImmediatelyReturnFunctionExpression
FN:139,isFunctionArgument
FN:156,returnsConstAssertionDirectly
FN:186,isTypedFunctionExpression
FN:210,isValidFunctionExpressionReturnType
FN:240,isValidFunctionReturnType
FN:261,checkFunctionReturnType
FN:277,checkFunctionExpressionReturnType
FNF:12
FNH:0
FNDA:0,isVariableDeclaratorWithTypeAnnotation
FNDA:0,isPropertyDefinitionWithTypeAnnotation
FNDA:0,isConstructorArgument
FNDA:0,isPropertyOfObjectWithType
FNDA:0,doesImmediatelyReturnFunctionExpression
FNDA:0,isFunctionArgument
FNDA:0,returnsConstAssertionDirectly
FNDA:0,isTypedFunctionExpression
FNDA:0,isValidFunctionExpressionReturnType
FNDA:0,isValidFunctionReturnType
FNDA:0,checkFunctionReturnType
FNDA:0,checkFunctionExpressionReturnType
DA:1,0
DA:6,0
DA:7,0
DA:8,0
DA:24,0
DA:38,0
DA:53,0
DA:68,0
DA:69,0
DA:71,0
DA:72,0
DA:79,0
DA:80,0
DA:84,0
DA:108,0
DA:113,0
DA:114,0
DA:117,0
DA:122,0
DA:127,0
DA:143,0
DA:159,0
DA:160,0
DA:161,0
DA:162,0
DA:163,0
DA:164,0
DA:168,0
DA:173,0
DA:190,0
DA:192,0
DA:193,0
DA:196,0
DA:214,0
DA:215,0
DA:218,0
DA:219,0
DA:226,0
DA:230,0
DA:244,0
DA:248,0
DA:251,0
DA:267,0
DA:268,0
DA:271,0
DA:283,0
DA:284,0
DA:287,0
DA:291,0
DA:292,0
DA:293,0
DA:296,0
LF:52
LH:0
BRDA:25,0,0,0
BRDA:25,0,1,0
BRDA:39,1,0,0
BRDA:39,1,1,0
BRDA:68,2,0,0
BRDA:68,2,1,0
BRDA:68,3,0,0
BRDA:68,3,1,0
BRDA:72,4,0,0
BRDA:73,5,0,0
BRDA:73,5,1,0
BRDA:80,6,0,0
BRDA:85,7,0,0
BRDA:85,7,1,0
BRDA:85,7,2,0
BRDA:85,7,3,0
BRDA:85,7,4,0
BRDA:108,8,0,0
BRDA:113,9,0,0
BRDA:113,9,1,0
BRDA:113,10,0,0
BRDA:113,10,1,0
BRDA:117,11,0,0
BRDA:117,11,1,0
BRDA:118,12,0,0
BRDA:118,12,1,0
BRDA:128,13,0,0
BRDA:128,13,1,0
BRDA:144,14,0,0
BRDA:144,14,1,0
BRDA:160,15,0,0
BRDA:160,15,1,0
BRDA:162,16,0,0
BRDA:162,16,1,0
BRDA:164,17,0,0
BRDA:164,17,1,0
BRDA:165,18,0,0
BRDA:165,18,1,0
BRDA:192,19,0,0
BRDA:192,19,1,0
BRDA:197,20,0,0
BRDA:197,20,1,0
BRDA:197,20,2,0
BRDA:197,20,3,0
BRDA:197,20,4,0
BRDA:197,20,5,0
BRDA:214,21,0,0
BRDA:214,21,1,0
BRDA:219,22,0,0
BRDA:219,22,1,0
BRDA:220,23,0,0
BRDA:220,23,1,0
BRDA:220,23,2,0
BRDA:220,23,3,0
BRDA:220,23,4,0
BRDA:231,24,0,0
BRDA:231,24,1,0
BRDA:231,24,2,0
BRDA:244,25,0,0
BRDA:244,25,1,0
BRDA:245,26,0,0
BRDA:245,26,1,0
BRDA:252,27,0,0
BRDA:252,27,1,0
BRDA:252,27,2,0
BRDA:267,28,0,0
BRDA:267,28,1,0
BRDA:283,29,0,0
BRDA:283,29,1,0
BRF:69
BRH:0
end_of_record
TN:
SF:src/util/getESLintCoreRule.ts
FN:44,(anonymous_6)
FN:52,(anonymous_7)
FN:55,maybeGetESLintCoreRule
FNF:3
FNH:0
FNDA:0,(anonymous_6)
FNDA:0,(anonymous_7)
FNDA:0,maybeGetESLintCoreRule
DA:1,0
DA:2,0
DA:3,0
DA:5,0
DA:42,0
DA:45,0
DA:53,0
DA:55,0
DA:58,0
DA:59,0
DA:61,0
LF:11
LH:0
BRDA:43,0,0,0
BRDA:43,0,1,0
BRF:2
BRH:0
end_of_record
TN:
SF:src/util/getFunctionHeadLoc.ts
FN:30,getFunctionHeadLoc
FN:34,getLocStart
FN:61,getLocEnd
FN:66,(anonymous_3)
FNF:4
FNH:0
FNDA:0,getFunctionHeadLoc
FNDA:0,getLocStart
FNDA:0,getLocEnd
FNDA:0,(anonymous_3)
DA:1,0
DA:30,0
DA:35,0
DA:38,0
DA:40,0
DA:45,0
DA:48,0
DA:54,0
DA:58,0
DA:62,0
DA:64,0
DA:67,0
DA:72,0
DA:75,0
LF:14
LH:0
BRDA:35,0,0,0
BRDA:35,0,1,0
BRDA:35,1,0,0
BRDA:35,1,1,0
BRDA:38,2,0,0
BRDA:38,2,1,0
BRDA:38,3,0,0
BRDA:38,3,1,0
BRDA:48,4,0,0
BRDA:48,4,1,0
BRDA:49,5,0,0
BRDA:49,5,1,0
BRDA:49,5,2,0
BRDA:62,6,0,0
BRDA:62,6,1,0
BRDA:67,7,0,0
BRDA:67,7,1,0
BRF:17
BRH:0
end_of_record
TN:
SF:src/util/getThisExpression.ts
FN:6,getThisExpression
FNF:1
FNH:0
FNDA:0,getThisExpression
DA:1,0
DA:6,0
DA:9,0
DA:10,0
DA:11,0
DA:12,0
DA:13,0
DA:14,0
DA:15,0
DA:16,0
DA:17,0
DA:19,0
DA:23,0
LF:13
LH:0
BRDA:10,0,0,0
BRDA:10,0,1,0
BRDA:12,1,0,0
BRDA:12,1,1,0
BRDA:14,2,0,0
BRDA:14,2,1,0
BRDA:16,3,0,0
BRDA:16,3,1,0
BRF:8
BRH:0
end_of_record
TN:
SF:src/util/getWrappingFixer.ts
FN:33,getWrappingFixer
FN:39,(anonymous_1)
FN:40,(anonymous_2)
FN:77,isStrongPrecedenceNode
FN:93,isWeakPrecedenceParent
FN:136,isMissingSemicolonBefore
FN:172,isLeftHandSide
FNF:7
FNH:0
FNDA:0,getWrappingFixer
FNDA:0,(anonymous_1)
FNDA:0,(anonymous_2)
FNDA:0,isStrongPrecedenceNode
FNDA:0,isWeakPrecedenceParent
FNDA:0,isMissingSemicolonBefore
FNDA:0,isLeftHandSide
DA:1,0
DA:33,0
DA:36,0
DA:37,0
DA:39,0
DA:40,0
DA:41,0
DA:44,0
DA:47,0
DA:50,0
DA:54,0
DA:57,0
DA:60,0
DA:61,0
DA:66,0
DA:67,0
DA:70,0
DA:78,0
DA:94,0
DA:96,0
DA:104,0
DA:107,0
DA:111,0
DA:114,0
DA:119,0
DA:122,0
DA:126,0
DA:129,0
DA:140,0
DA:141,0
DA:143,0
DA:144,0
DA:145,0
DA:150,0
DA:151,0
DA:152,0
DA:156,0
DA:161,0
DA:162,0
DA:165,0
DA:173,0
DA:176,0
DA:177,0
DA:181,0
DA:187,0
DA:191,0
DA:195,0
DA:199,0
DA:200,0
DA:204,0
DA:208,0
DA:211,0
LF:52
LH:0
BRDA:36,0,0,0
BRDA:37,1,0,0
BRDA:37,1,1,0
BRDA:44,2,0,0
BRDA:44,2,1,0
BRDA:57,3,0,0
BRDA:57,3,1,0
BRDA:60,4,0,0
BRDA:60,4,1,0
BRDA:66,5,0,0
BRDA:66,5,1,0
BRDA:66,6,0,0
BRDA:66,6,1,0
BRDA:79,7,0,0
BRDA:79,7,1,0
BRDA:79,7,2,0
BRDA:79,7,3,0
BRDA:79,7,4,0
BRDA:79,7,5,0
BRDA:79,7,6,0
BRDA:79,7,7,0
BRDA:96,8,0,0
BRDA:96,8,1,0
BRDA:97,9,0,0
BRDA:97,9,1,0
BRDA:97,9,2,0
BRDA:97,9,3,0
BRDA:97,9,4,0
BRDA:97,9,5,0
BRDA:107,10,0,0
BRDA:107,10,1,0
BRDA:108,11,0,0
BRDA:108,11,1,0
BRDA:114,12,0,0
BRDA:114,12,1,0
BRDA:115,13,0,0
BRDA:115,13,1,0
BRDA:115,13,2,0
BRDA:122,14,0,0
BRDA:122,14,1,0
BRDA:123,15,0,0
BRDA:123,15,1,0
BRDA:143,16,0,0
BRDA:143,16,1,0
BRDA:145,17,0,0
BRDA:145,17,1,0
BRDA:146,18,0,0
BRDA:146,18,1,0
BRDA:152,19,0,0
BRDA:152,19,1,0
BRDA:153,20,0,0
BRDA:153,20,1,0
BRDA:161,21,0,0
BRDA:161,21,1,0
BRDA:176,22,0,0
BRDA:176,22,1,0
BRDA:181,23,0,0
BRDA:181,23,1,0
BRDA:182,24,0,0
BRDA:182,24,1,0
BRDA:182,24,2,0
BRDA:182,24,3,0
BRDA:191,25,0,0
BRDA:191,25,1,0
BRDA:192,26,0,0
BRDA:192,26,1,0
BRDA:199,27,0,0
BRDA:199,27,1,0
BRDA:199,28,0,0
BRDA:199,28,1,0
BRDA:204,29,0,0
BRDA:204,29,1,0
BRDA:205,30,0,0
BRDA:205,30,1,0
BRF:74
BRH:0
end_of_record
TN:
SF:src/util/index.ts
FNF:0
FNH:0
DA:1,0
DA:3,0
DA:4,0
DA:5,0
DA:6,0
DA:7,0
DA:8,0
DA:9,0
DA:10,0
DA:11,0
DA:12,0
DA:13,0
DA:14,0
DA:15,0
DA:19,0
DA:25,0
DA:26,0
DA:27,0
DA:28,0
LF:19
LH:0
BRF:0
BRH:0
end_of_record
TN:
SF:src/util/isTypeReadonly.ts
FN:13,(anonymous_6)
FN:40,hasSymbol
FN:44,isTypeReadonlyArrayOrTuple
FN:50,checkTypeArguments
FN:67,(anonymous_10)
FN:101,isTypeReadonlyObject
FN:107,checkIndexSignature
FN:179,isTypeReadonlyRecurser
FN:190,(anonymous_14)
FN:240,isTypeReadonly
FNF:10
FNH:0
FNDA:0,(anonymous_6)
FNDA:0,hasSymbol
FNDA:0,isTypeReadonlyArrayOrTuple
FNDA:0,checkTypeArguments
FNDA:0,(anonymous_10)
FNDA:0,isTypeReadonlyObject
FNDA:0,checkIndexSignature
FNDA:0,isTypeReadonlyRecurser
FNDA:0,(anonymous_14)
FNDA:0,isTypeReadonly
DA:1,0
DA:9,0
DA:10,0
DA:11,0
DA:13,0
DA:15,0
DA:17,0
DA:19,0
DA:26,0
DA:36,0
DA:41,0
DA:53,0
DA:60,0
DA:65,0
DA:68,0
DA:72,0
DA:74,0
DA:77,0
DA:78,0
DA:82,0
DA:83,0
DA:84,0
DA:87,0
DA:90,0
DA:91,0
DA:92,0
DA:95,0
DA:98,0
DA:108,0
DA:109,0
DA:110,0
DA:115,0
DA:118,0
DA:119,0
DA:121,0
DA:122,0
DA:134,0
DA:144,0
DA:145,0
DA:152,0
DA:153,0
DA:156,0
DA:160,0
DA:165,0
DA:166,0
DA:167,0
DA:170,0
DA:171,0
DA:172,0
DA:175,0
DA:185,0
DA:187,0
DA:189,0
DA:191,0
DA:194,0
DA:195,0
DA:200,0
DA:201,0
DA:205,0
DA:209,0
DA:212,0
DA:218,0
DA:219,0
DA:222,0
DA:228,0
DA:231,0
DA:234,0
DA:245,0
DA:251,0
LF:69
LH:0
BRDA:13,0,0,0
BRDA:13,0,1,0
BRDA:53,1,0,0
BRDA:53,1,1,0
BRDA:55,2,0,0
BRDA:55,2,1,0
BRDA:55,3,0,0
BRDA:55,3,1,0
BRDA:60,4,0,0
BRDA:65,5,0,0
BRDA:65,5,1,0
BRDA:77,6,0,0
BRDA:77,6,1,0
BRDA:83,7,0,0
BRDA:83,7,1,0
BRDA:90,8,0,0
BRDA:90,8,1,0
BRDA:91,9,0,0
BRDA:91,9,1,0
BRDA:109,10,0,0
BRDA:109,10,1,0
BRDA:110,11,0,0
BRDA:110,11,1,0
BRDA:119,12,0,0
BRDA:119,12,1,0
BRDA:122,13,0,0
BRDA:122,13,1,0
BRDA:124,14,0,0
BRDA:124,14,1,0
BRDA:124,14,2,0
BRDA:124,14,3,0
BRDA:124,14,4,0
BRDA:152,15,0,0
BRDA:152,15,1,0
BRDA:156,16,0,0
BRDA:156,16,1,0
BRDA:166,17,0,0
BRDA:166,17,1,0
BRDA:171,18,0,0
BRDA:171,18,1,0
BRDA:187,19,0,0
BRDA:187,19,1,0
BRDA:191,20,0,0
BRDA:191,20,1,0
BRDA:194,21,0,0
BRDA:194,21,1,0
BRDA:200,22,0,0
BRDA:200,22,1,0
BRDA:200,23,0,0
BRDA:200,23,1,0
BRDA:205,24,0,0
BRDA:205,24,1,0
BRDA:206,25,0,0
BRDA:206,25,1,0
BRDA:218,26,0,0
BRDA:218,26,1,0
BRDA:228,27,0,0
BRF:57
BRH:0
end_of_record
TN:
SF:src/util/misc.ts
FN:15,isDefinitionFile
FN:22,upperCaseFirst
FN:29,arraysAreEqual
FN:39,(anonymous_3)
FN:44,findFirstResult
FN:60,getNameFromIndexSignature
FN:62,(anonymous_6)
FN:68,(anonymous_7)
FN:79,getNameFromMember
FN:132,getEnumNames
FN:133,(anonymous_10)
FN:142,formatWordList
FNF:12
FNH:0
FNDA:0,isDefinitionFile
FNDA:0,upperCaseFirst
FNDA:0,arraysAreEqual
FNDA:0,(anonymous_3)
FNDA:0,findFirstResult
FNDA:0,getNameFromIndexSignature
FNDA:0,(anonymous_6)
FNDA:0,(anonymous_7)
FNDA:0,getNameFromMember
FNDA:0,getEnumNames
FNDA:0,(anonymous_10)
FNDA:0,formatWordList
DA:5,0
DA:10,0
DA:16,0
DA:23,0
DA:34,0
DA:39,0
DA:48,0
DA:49,0
DA:50,0
DA:51,0
DA:54,0
DA:61,0
DA:63,0
DA:65,0
DA:68,0
DA:69,0
DA:70,0
DA:71,0
DA:72,0
DA:90,0
DA:91,0
DA:96,0
DA:97,0
DA:102,0
DA:103,0
DA:104,0
DA:105,0
DA:110,0
DA:117,0
DA:133,0
DA:143,0
DA:144,0
DA:147,0
DA:148,0
DA:151,0
DA:155,0
DA:158,0
DA:159,0
DA:160,0
DA:161,0
DA:162,0
DA:163,0
DA:164,0
DA:166,0
LF:44
LH:0
BRDA:16,0,0,0
BRDA:16,0,1,0
BRDA:35,1,0,0
BRDA:35,1,1,0
BRDA:35,1,2,0
BRDA:35,1,3,0
BRDA:35,1,4,0
BRDA:50,2,0,0
BRDA:50,2,1,0
BRDA:65,3,0,0
BRDA:65,3,1,0
BRDA:68,4,0,0
BRDA:68,4,1,0
BRDA:90,5,0,0
BRDA:90,5,1,0
BRDA:96,6,0,0
BRDA:96,6,1,0
BRDA:102,7,0,0
BRDA:102,7,1,0
BRDA:104,8,0,0
BRDA:104,8,1,0
BRDA:143,9,0,0
BRDA:143,9,1,0
BRDA:143,10,0,0
BRDA:143,10,1,0
BRDA:143,11,0,0
BRDA:143,11,1,0
BRDA:147,12,0,0
BRDA:147,12,1,0
BRF:29
BRH:0
end_of_record
TN:
SF:src/util/nullThrows.ts
FN:6,(anonymous_0)
FN:14,nullThrows
FNF:2
FNH:0
FNDA:0,(anonymous_0)
FNDA:0,nullThrows
DA:4,0
DA:7,0
DA:21,0
DA:25,0
DA:28,0
LF:5
LH:0
BRDA:21,0,0,0
BRDA:21,1,0,0
BRDA:21,1,1,0
BRF:3
BRH:0
end_of_record
TN:
SF:src/util/objectIterators.ts
FN:1,objectForEachKey
FN:11,objectMapKey
FN:16,(anonymous_2)
FN:22,objectReduceKey
FN:28,(anonymous_4)
FNF:5
FNH:0
FNDA:0,objectForEachKey
FNDA:0,objectMapKey
FNDA:0,(anonymous_2)
FNDA:0,objectReduceKey
FNDA:0,(anonymous_4)
DA:5,0
DA:6,0
DA:7,0
DA:15,0
DA:16,0
DA:17,0
DA:19,0
DA:27,0
DA:28,0
DA:29,0
DA:31,0
DA:34,0
LF:12
LH:0
BRF:0
BRH:0
end_of_record
TN:
SF:src/util/propertyTypes.ts
FN:3,getTypeOfPropertyOfName
FN:18,(anonymous_1)
FN:25,getTypeOfPropertyOfType
FNF:3
FNH:0
FNDA:0,getTypeOfPropertyOfName
FNDA:0,(anonymous_1)
FNDA:0,getTypeOfPropertyOfType
DA:3,0
DA:10,0
DA:11,0
DA:16,0
DA:18,0
DA:20,0
DA:25,0
DA:30,0
LF:8
LH:0
BRDA:10,0,0,0
BRDA:10,0,1,0
BRDA:10,1,0,0
BRDA:10,1,1,0
BRDA:20,2,0,0
BRDA:20,2,1,0
BRF:6
BRH:0
end_of_record
TN:
SF:src/util/requiresQuoting.ts
FN:3,requiresQuoting
FNF:1
FNH:0
FNDA:0,requiresQuoting
DA:1,0
DA:7,0
DA:8,0
DA:11,0
DA:12,0
DA:15,0
DA:16,0
DA:17,0
DA:21,0
DA:24,0
LF:10
LH:0
BRDA:5,0,0,0
BRDA:7,1,0,0
BRDA:7,1,1,0
BRDA:11,2,0,0
BRDA:11,2,1,0
BRDA:16,3,0,0
BRDA:16,3,1,0
BRF:7
BRH:0
end_of_record
TN:
SF:src/util/types.ts
FN:28,isTypeArrayTypeOrUnionOfArrayTypes
FN:46,containsAllTypesByName
FN:65,(anonymous_9)
FN:74,(anonymous_10)
FN:83,getTypeName
FN:120,(anonymous_12)
FN:121,(anonymous_13)
FN:131,(anonymous_14)
FN:132,(anonymous_15)
FN:143,getConstrainedTypeAtLocation
FN:157,isNullableType
FN:180,getDeclaration
FN:195,getTypeFlags
FN:207,isTypeFlagSet
FN:224,typeIsOrHasBaseType
FN:253,getSourceFileOfNode
FN:260,getTokenAtPosition
FN:294,getEqualsKind
FN:325,getTypeArguments
FN:340,isTypeUnknownType
FN:347,isTypeAnyType
FN:360,isTypeAnyArrayType
FN:376,isTypeUnknownArrayType
FN:389,(anonymous_30)
FN:398,isAnyOrAnyArrayTypeDiscriminated
FN:422,isUnsafeAssignment
FN:496,getContextualType
FNF:27
FNH:0
FNDA:0,isTypeArrayTypeOrUnionOfArrayTypes
FNDA:0,containsAllTypesByName
FNDA:0,(anonymous_9)
FNDA:0,(anonymous_10)
FNDA:0,getTypeName
FNDA:0,(anonymous_12)
FNDA:0,(anonymous_13)
FNDA:0,(anonymous_14)
FNDA:0,(anonymous_15)
FNDA:0,getConstrainedTypeAtLocation
FNDA:0,isNullableType
FNDA:0,getDeclaration
FNDA:0,getTypeFlags
FNDA:0,isTypeFlagSet
FNDA:0,typeIsOrHasBaseType
FNDA:0,getSourceFileOfNode
FNDA:0,getTokenAtPosition
FNDA:0,getEqualsKind
FNDA:0,getTypeArguments
FNDA:0,isTypeUnknownType
FNDA:0,isTypeAnyType
FNDA:0,isTypeAnyArrayType
FNDA:0,isTypeUnknownArrayType
FNDA:0,(anonymous_30)
FNDA:0,isAnyOrAnyArrayTypeDiscriminated
FNDA:0,isUnsafeAssignment
FNDA:0,getContextualType
DA:1,0
DA:5,0
DA:6,0
DA:20,0
DA:22,0
DA:28,0
DA:32,0
DA:33,0
DA:34,0
DA:38,0
DA:46,0
DA:51,0
DA:52,0
DA:55,0
DA:56,0
DA:59,0
DA:60,0
DA:61,0
DA:64,0
DA:65,0
DA:66,0
DA:70,0
DA:71,0
DA:74,0
DA:83,0
DA:88,0
DA:89,0
DA:95,0
DA:99,0
DA:100,0
DA:101,0
DA:102,0
DA:106,0
DA:117,0
DA:120,0
DA:121,0
DA:123,0
DA:128,0
DA:131,0
DA:132,0
DA:134,0
DA:137,0
DA:143,0
DA:147,0
DA:148,0
DA:150,0
DA:157,0
DA:164,0
DA:166,0
DA:167,0
DA:170,0
DA:171,0
DA:173,0
DA:180,0
DA:184,0
DA:185,0
DA:186,0
DA:188,0
DA:189,0
DA:195,0
DA:196,0
DA:197,0
DA:198,0
DA:200,0
DA:207,0
DA:212,0
DA:214,0
DA:215,0
DA:218,0
DA:224,0
DA:228,0
DA:229,0
DA:230,0
DA:233,0
DA:234,0
DA:236,0
DA:237,0
DA:240,0
DA:241,0
DA:242,0
DA:243,0
DA:247,0
DA:253,0
DA:254,0
DA:255,0
DA:257,0
DA:260,0
DA:264,0
DA:266,0
DA:267,0
DA:269,0
DA:270,0
DA:271,0
DA:273,0
DA:276,0
DA:277,0
DA:281,0
DA:282,0
DA:286,0
DA:294,0
DA:295,0
DA:297,0
DA:303,0
DA:309,0
DA:315,0
DA:321,0
DA:325,0
DA:330,0
DA:331,0
DA:334,0
DA:340,0
DA:341,0
DA:347,0
DA:348,0
DA:349,0
DA:350,0
DA:352,0
DA:354,0
DA:360,0
DA:364,0
DA:376,0
DA:380,0
DA:389,0
DA:390,0
DA:391,0
DA:392,0
DA:398,0
DA:402,0
DA:403,0
DA:404,0
DA:406,0
DA:407,0
DA:409,0
DA:422,0
DA:428,0
DA:430,0
DA:431,0
DA:434,0
DA:435,0
DA:439,0
DA:453,0
DA:456,0
DA:459,0
DA:469,0
DA:472,0
DA:473,0
DA:475,0
DA:476,0
DA:477,0
DA:479,0
DA:480,0
DA:481,0
DA:485,0
DA:488,0
DA:496,0
DA:500,0
DA:501,0
DA:502,0
DA:505,0
DA:506,0
DA:508,0
DA:510,0
DA:515,0
DA:516,0
DA:517,0
DA:518,0
DA:519,0
DA:520,0
DA:526,0
DA:527,0
DA:533,0
DA:537,0
LF:172
LH:0
BRDA:33,0,0,0
BRDA:33,0,1,0
BRDA:51,1,0,0
BRDA:51,1,1,0
BRDA:55,2,0,0
BRDA:55,2,1,0
BRDA:60,3,0,0
BRDA:60,3,1,0
BRDA:60,4,0,0
BRDA:60,4,1,0
BRDA:64,5,0,0
BRDA:64,5,1,0
BRDA:72,6,0,0
BRDA:72,6,1,0
BRDA:72,6,2,0
BRDA:88,7,0,0
BRDA:88,7,1,0
BRDA:95,8,0,0
BRDA:95,8,1,0
BRDA:100,9,0,0
BRDA:100,9,1,0
BRDA:100,10,0,0
BRDA:100,10,1,0
BRDA:101,11,0,0
BRDA:101,11,1,0
BRDA:101,12,0,0
BRDA:101,12,1,0
BRDA:102,13,0,0
BRDA:102,13,1,0
BRDA:103,14,0,0
BRDA:103,14,1,0
BRDA:117,15,0,0
BRDA:117,15,1,0
BRDA:118,16,0,0
BRDA:118,16,1,0
BRDA:128,17,0,0
BRDA:128,17,1,0
BRDA:129,18,0,0
BRDA:129,18,1,0
BRDA:150,19,0,0
BRDA:150,19,1,0
BRDA:150,20,0,0
BRDA:150,20,1,0
BRDA:159,21,0,0
BRDA:160,22,0,0
BRDA:161,23,0,0
BRDA:166,24,0,0
BRDA:166,24,1,0
BRDA:166,25,0,0
BRDA:166,25,1,0
BRDA:170,26,0,0
BRDA:170,26,1,0
BRDA:185,27,0,0
BRDA:185,27,1,0
BRDA:189,28,0,0
BRDA:189,28,1,0
BRDA:189,29,0,0
BRDA:189,29,1,0
BRDA:189,30,0,0
BRDA:189,30,1,0
BRDA:189,31,0,0
BRDA:189,31,1,0
BRDA:214,32,0,0
BRDA:214,32,1,0
BRDA:214,33,0,0
BRDA:214,33,1,0
BRDA:229,34,0,0
BRDA:229,34,1,0
BRDA:229,35,0,0
BRDA:229,35,1,0
BRDA:236,36,0,0
BRDA:236,36,1,0
BRDA:242,37,0,0
BRDA:242,37,1,0
BRDA:242,38,0,0
BRDA:242,38,1,0
BRDA:254,39,0,0
BRDA:254,39,1,0
BRDA:271,40,0,0
BRDA:271,40,1,0
BRDA:277,41,0,0
BRDA:277,41,1,0
BRDA:278,42,0,0
BRDA:278,42,1,0
BRDA:278,42,2,0
BRDA:295,43,0,0
BRDA:295,43,1,0
BRDA:295,43,2,0
BRDA:295,43,3,0
BRDA:295,43,4,0
BRDA:330,44,0,0
BRDA:330,44,1,0
BRDA:334,45,0,0
BRDA:334,45,1,0
BRDA:334,46,0,0
BRDA:334,46,1,0
BRDA:348,47,0,0
BRDA:348,47,1,0
BRDA:349,48,0,0
BRDA:349,48,1,0
BRDA:365,49,0,0
BRDA:365,49,1,0
BRDA:381,50,0,0
BRDA:381,50,1,0
BRDA:389,51,0,0
BRDA:389,51,1,0
BRDA:403,52,0,0
BRDA:403,52,1,0
BRDA:406,53,0,0
BRDA:406,53,1,0
BRDA:428,54,0,0
BRDA:428,54,1,0
BRDA:430,55,0,0
BRDA:430,55,1,0
BRDA:434,56,0,0
BRDA:434,56,1,0
BRDA:439,57,0,0
BRDA:439,57,1,0
BRDA:439,58,0,0
BRDA:439,58,1,0
BRDA:453,59,0,0
BRDA:453,59,1,0
BRDA:459,60,0,0
BRDA:459,60,1,0
BRDA:460,61,0,0
BRDA:460,61,1,0
BRDA:460,61,2,0
BRDA:460,61,3,0
BRDA:460,61,4,0
BRDA:460,62,0,0
BRDA:460,62,1,0
BRDA:460,63,0,0
BRDA:460,63,1,0
BRDA:472,64,0,0
BRDA:472,64,1,0
BRDA:472,65,0,0
BRDA:472,65,1,0
BRDA:473,66,0,0
BRDA:473,66,1,0
BRDA:473,67,0,0
BRDA:473,67,1,0
BRDA:480,68,0,0
BRDA:480,68,1,0
BRDA:501,69,0,0
BRDA:501,69,1,0
BRDA:505,70,0,0
BRDA:505,70,1,0
BRDA:505,71,0,0
BRDA:505,71,1,0
BRDA:506,72,0,0
BRDA:506,72,1,0
BRDA:510,73,0,0
BRDA:510,73,1,0
BRDA:511,74,0,0
BRDA:511,74,1,0
BRDA:511,74,2,0
BRDA:515,75,0,0
BRDA:515,75,1,0
BRDA:516,76,0,0
BRDA:516,76,1,0
BRDA:518,77,0,0
BRDA:518,77,1,0
BRDA:518,78,0,0
BRDA:518,78,1,0
BRDA:520,79,0,0
BRDA:520,79,1,0
BRDA:521,80,0,0
BRDA:521,80,1,0
BRDA:521,80,2,0
BRDA:527,81,0,0
BRDA:527,81,1,0
BRF:171
BRH:0
end_of_record
